{"/home/hansonsks/Work/cis4500/movie-industry-analysis/server/config.js": {"path":"/home/hansonsks/Work/cis4500/movie-industry-analysis/server/config.js","statementMap":{"0":{"start":{"line":1,"column":0},"end":{"line":1,"column":46}},"1":{"start":{"line":2,"column":0},"end":{"line":2,"column":51}},"2":{"start":{"line":3,"column":0},"end":{"line":3,"column":51}},"3":{"start":{"line":4,"column":0},"end":{"line":4,"column":51}},"4":{"start":{"line":5,"column":0},"end":{"line":5,"column":59}},"5":{"start":{"line":6,"column":0},"end":{"line":6,"column":51}},"6":{"start":{"line":7,"column":0},"end":{"line":7,"column":47}},"7":{"start":{"line":8,"column":0},"end":{"line":8,"column":51}},"8":{"start":{"line":9,"column":0},"end":{"line":9,"column":51}},"9":{"start":{"line":11,"column":0},"end":{"line":29,"column":2}}},"fnMap":{},"branchMap":{"0":{"loc":{"start":{"line":23,"column":14},"end":{"line":23,"column":42}},"type":"binary-expr","locations":[{"start":{"line":23,"column":14},"end":{"line":23,"column":34}},{"start":{"line":23,"column":38},"end":{"line":23,"column":42}}],"line":23},"1":{"loc":{"start":{"line":26,"column":19},"end":{"line":26,"column":68}},"type":"binary-expr","locations":[{"start":{"line":26,"column":19},"end":{"line":26,"column":41}},{"start":{"line":26,"column":45},"end":{"line":26,"column":68}}],"line":26},"2":{"loc":{"start":{"line":27,"column":19},"end":{"line":27,"column":50}},"type":"binary-expr","locations":[{"start":{"line":27,"column":19},"end":{"line":27,"column":41}},{"start":{"line":27,"column":45},"end":{"line":27,"column":50}}],"line":27}},"s":{"0":8,"1":8,"2":8,"3":8,"4":8,"5":8,"6":8,"7":8,"8":8,"9":8},"f":{},"b":{"0":[8,3],"1":[8,3],"2":[8,3]},"_coverageSchema":"1a1c01bbd47fc00a2c39e90264f33305004495a9","hash":"da244b75dc3ea641bf3050841ba271a9c574175c"}
,"/home/hansonsks/Work/cis4500/movie-industry-analysis/server/server.js": {"path":"/home/hansonsks/Work/cis4500/movie-industry-analysis/server/server.js","statementMap":{"0":{"start":{"line":1,"column":0},"end":{"line":1,"column":27}},"1":{"start":{"line":2,"column":16},"end":{"line":2,"column":34}},"2":{"start":{"line":3,"column":13},"end":{"line":3,"column":28}},"3":{"start":{"line":4,"column":15},"end":{"line":4,"column":34}},"4":{"start":{"line":7,"column":12},"end":{"line":7,"column":21}},"5":{"start":{"line":10,"column":0},"end":{"line":10,"column":16}},"6":{"start":{"line":11,"column":0},"end":{"line":11,"column":24}},"7":{"start":{"line":14,"column":20},"end":{"line":14,"column":45}},"8":{"start":{"line":15,"column":21},"end":{"line":15,"column":47}},"9":{"start":{"line":16,"column":24},"end":{"line":16,"column":53}},"10":{"start":{"line":17,"column":21},"end":{"line":17,"column":47}},"11":{"start":{"line":18,"column":21},"end":{"line":18,"column":47}},"12":{"start":{"line":19,"column":19},"end":{"line":19,"column":43}},"13":{"start":{"line":20,"column":20},"end":{"line":20,"column":45}},"14":{"start":{"line":21,"column":24},"end":{"line":21,"column":53}},"15":{"start":{"line":24,"column":0},"end":{"line":24,"column":35}},"16":{"start":{"line":25,"column":0},"end":{"line":25,"column":37}},"17":{"start":{"line":26,"column":0},"end":{"line":26,"column":43}},"18":{"start":{"line":27,"column":0},"end":{"line":27,"column":37}},"19":{"start":{"line":28,"column":0},"end":{"line":28,"column":37}},"20":{"start":{"line":29,"column":0},"end":{"line":29,"column":29}},"21":{"start":{"line":30,"column":0},"end":{"line":30,"column":35}},"22":{"start":{"line":31,"column":0},"end":{"line":31,"column":43}},"23":{"start":{"line":34,"column":0},"end":{"line":36,"column":3}},"24":{"start":{"line":35,"column":4},"end":{"line":35,"column":36}},"25":{"start":{"line":39,"column":0},"end":{"line":42,"column":3}},"26":{"start":{"line":40,"column":4},"end":{"line":40,"column":29}},"27":{"start":{"line":41,"column":4},"end":{"line":41,"column":61}},"28":{"start":{"line":44,"column":0},"end":{"line":44,"column":21}},"29":{"start":{"line":47,"column":0},"end":{"line":52,"column":1}},"30":{"start":{"line":48,"column":17},"end":{"line":48,"column":40}},"31":{"start":{"line":49,"column":19},"end":{"line":51,"column":6}},"32":{"start":{"line":50,"column":8},"end":{"line":50,"column":57}}},"fnMap":{"0":{"name":"(anonymous_0)","decl":{"start":{"line":34,"column":23},"end":{"line":34,"column":24}},"loc":{"start":{"line":34,"column":37},"end":{"line":36,"column":1}},"line":34},"1":{"name":"(anonymous_1)","decl":{"start":{"line":39,"column":8},"end":{"line":39,"column":9}},"loc":{"start":{"line":39,"column":33},"end":{"line":42,"column":1}},"line":39},"2":{"name":"(anonymous_2)","decl":{"start":{"line":49,"column":36},"end":{"line":49,"column":37}},"loc":{"start":{"line":49,"column":42},"end":{"line":51,"column":5}},"line":49}},"branchMap":{"0":{"loc":{"start":{"line":47,"column":0},"end":{"line":52,"column":1}},"type":"if","locations":[{"start":{"line":47,"column":0},"end":{"line":52,"column":1}},{"start":{},"end":{}}],"line":47},"1":{"loc":{"start":{"line":48,"column":17},"end":{"line":48,"column":40}},"type":"binary-expr","locations":[{"start":{"line":48,"column":17},"end":{"line":48,"column":32}},{"start":{"line":48,"column":36},"end":{"line":48,"column":40}}],"line":48}},"s":{"0":9,"1":9,"2":9,"3":9,"4":9,"5":9,"6":9,"7":9,"8":9,"9":9,"10":9,"11":9,"12":9,"13":9,"14":9,"15":9,"16":9,"17":9,"18":9,"19":9,"20":9,"21":9,"22":9,"23":9,"24":0,"25":9,"26":0,"27":0,"28":9,"29":9,"30":0,"31":0,"32":0},"f":{"0":0,"1":0,"2":0},"b":{"0":[0,9],"1":[0,0]},"_coverageSchema":"1a1c01bbd47fc00a2c39e90264f33305004495a9","hash":"b17a5d9730b6dcf0b937a54f5f7b1dc023969e34"}
,"/home/hansonsks/Work/cis4500/movie-industry-analysis/server/database/pool.js": {"path":"/home/hansonsks/Work/cis4500/movie-industry-analysis/server/database/pool.js","statementMap":{"0":{"start":{"line":1,"column":17},"end":{"line":1,"column":30}},"1":{"start":{"line":2,"column":15},"end":{"line":2,"column":35}},"2":{"start":{"line":4,"column":13},"end":{"line":4,"column":32}},"3":{"start":{"line":6,"column":0},"end":{"line":9,"column":3}},"4":{"start":{"line":7,"column":4},"end":{"line":7,"column":58}},"5":{"start":{"line":8,"column":4},"end":{"line":8,"column":21}},"6":{"start":{"line":11,"column":0},"end":{"line":11,"column":22}}},"fnMap":{"0":{"name":"(anonymous_0)","decl":{"start":{"line":6,"column":17},"end":{"line":6,"column":18}},"loc":{"start":{"line":6,"column":34},"end":{"line":9,"column":1}},"line":6}},"branchMap":{},"s":{"0":5,"1":5,"2":5,"3":5,"4":1,"5":1,"6":5},"f":{"0":1},"b":{},"_coverageSchema":"1a1c01bbd47fc00a2c39e90264f33305004495a9","hash":"66f62ebc6423db7c5612247bda0069378df68c8e"}
,"/home/hansonsks/Work/cis4500/movie-industry-analysis/server/middleware/auth.js": {"path":"/home/hansonsks/Work/cis4500/movie-industry-analysis/server/middleware/auth.js","statementMap":{"0":{"start":{"line":1,"column":12},"end":{"line":1,"column":35}},"1":{"start":{"line":2,"column":15},"end":{"line":2,"column":35}},"2":{"start":{"line":3,"column":0},"end":{"line":3,"column":51}},"3":{"start":{"line":4,"column":0},"end":{"line":4,"column":51}},"4":{"start":{"line":7,"column":26},"end":{"line":22,"column":1}},"5":{"start":{"line":8,"column":21},"end":{"line":8,"column":49}},"6":{"start":{"line":9,"column":16},"end":{"line":9,"column":54}},"7":{"start":{"line":11,"column":2},"end":{"line":13,"column":3}},"8":{"start":{"line":12,"column":4},"end":{"line":12,"column":80}},"9":{"start":{"line":15,"column":2},"end":{"line":21,"column":3}},"10":{"start":{"line":16,"column":21},"end":{"line":16,"column":61}},"11":{"start":{"line":17,"column":4},"end":{"line":17,"column":24}},"12":{"start":{"line":18,"column":4},"end":{"line":18,"column":11}},"13":{"start":{"line":20,"column":4},"end":{"line":20,"column":53}},"14":{"start":{"line":24,"column":0},"end":{"line":24,"column":39}}},"fnMap":{"0":{"name":"(anonymous_0)","decl":{"start":{"line":7,"column":26},"end":{"line":7,"column":27}},"loc":{"start":{"line":7,"column":46},"end":{"line":22,"column":1}},"line":7}},"branchMap":{"0":{"loc":{"start":{"line":9,"column":16},"end":{"line":9,"column":54}},"type":"binary-expr","locations":[{"start":{"line":9,"column":16},"end":{"line":9,"column":26}},{"start":{"line":9,"column":30},"end":{"line":9,"column":54}}],"line":9},"1":{"loc":{"start":{"line":11,"column":2},"end":{"line":13,"column":3}},"type":"if","locations":[{"start":{"line":11,"column":2},"end":{"line":13,"column":3}},{"start":{},"end":{}}],"line":11}},"s":{"0":10,"1":10,"2":10,"3":10,"4":10,"5":18,"6":18,"7":18,"8":4,"9":14,"10":14,"11":12,"12":12,"13":2,"14":10},"f":{"0":18},"b":{"0":[18,15],"1":[4,14]},"_coverageSchema":"1a1c01bbd47fc00a2c39e90264f33305004495a9","hash":"8b3e9017b3b051b545bc7aaf544c05fdf176fd61"}
,"/home/hansonsks/Work/cis4500/movie-industry-analysis/server/routes/actors.js": {"path":"/home/hansonsks/Work/cis4500/movie-industry-analysis/server/routes/actors.js","statementMap":{"0":{"start":{"line":1,"column":16},"end":{"line":1,"column":34}},"1":{"start":{"line":2,"column":15},"end":{"line":2,"column":31}},"2":{"start":{"line":3,"column":13},"end":{"line":3,"column":40}},"3":{"start":{"line":6,"column":0},"end":{"line":59,"column":3}},"4":{"start":{"line":7,"column":2},"end":{"line":58,"column":3}},"5":{"start":{"line":8,"column":63},"end":{"line":8,"column":72}},"6":{"start":{"line":11,"column":22},"end":{"line":13,"column":16}},"7":{"start":{"line":16,"column":24},"end":{"line":16,"column":49}},"8":{"start":{"line":18,"column":4},"end":{"line":18,"column":109}},"9":{"start":{"line":22,"column":4},"end":{"line":45,"column":5}},"10":{"start":{"line":23,"column":6},"end":{"line":28,"column":8}},"11":{"start":{"line":29,"column":11},"end":{"line":45,"column":5}},"12":{"start":{"line":30,"column":6},"end":{"line":35,"column":8}},"13":{"start":{"line":36,"column":11},"end":{"line":45,"column":5}},"14":{"start":{"line":37,"column":6},"end":{"line":42,"column":8}},"15":{"start":{"line":44,"column":6},"end":{"line":44,"column":73}},"16":{"start":{"line":47,"column":19},"end":{"line":47,"column":57}},"17":{"start":{"line":49,"column":4},"end":{"line":54,"column":7}},"18":{"start":{"line":56,"column":4},"end":{"line":56,"column":23}},"19":{"start":{"line":57,"column":4},"end":{"line":57,"column":83}},"20":{"start":{"line":62,"column":0},"end":{"line":114,"column":3}},"21":{"start":{"line":63,"column":2},"end":{"line":113,"column":3}},"22":{"start":{"line":64,"column":51},"end":{"line":64,"column":60}},"23":{"start":{"line":67,"column":22},"end":{"line":69,"column":16}},"24":{"start":{"line":72,"column":24},"end":{"line":72,"column":49}},"25":{"start":{"line":74,"column":16},"end":{"line":85,"column":5}},"26":{"start":{"line":87,"column":19},"end":{"line":87,"column":21}},"27":{"start":{"line":88,"column":19},"end":{"line":88,"column":20}},"28":{"start":{"line":90,"column":4},"end":{"line":93,"column":5}},"29":{"start":{"line":91,"column":6},"end":{"line":91,"column":46}},"30":{"start":{"line":92,"column":6},"end":{"line":92,"column":26}},"31":{"start":{"line":95,"column":4},"end":{"line":98,"column":34}},"32":{"start":{"line":100,"column":4},"end":{"line":100,"column":29}},"33":{"start":{"line":102,"column":19},"end":{"line":102,"column":50}},"34":{"start":{"line":104,"column":4},"end":{"line":109,"column":7}},"35":{"start":{"line":111,"column":4},"end":{"line":111,"column":53}},"36":{"start":{"line":112,"column":4},"end":{"line":112,"column":89}},"37":{"start":{"line":117,"column":0},"end":{"line":129,"column":3}},"38":{"start":{"line":118,"column":2},"end":{"line":128,"column":3}},"39":{"start":{"line":119,"column":19},"end":{"line":123,"column":6}},"40":{"start":{"line":124,"column":4},"end":{"line":124,"column":62}},"41":{"start":{"line":124,"column":47},"end":{"line":124,"column":57}},"42":{"start":{"line":126,"column":4},"end":{"line":126,"column":23}},"43":{"start":{"line":127,"column":4},"end":{"line":127,"column":63}},"44":{"start":{"line":132,"column":0},"end":{"line":199,"column":3}},"45":{"start":{"line":133,"column":2},"end":{"line":198,"column":3}},"46":{"start":{"line":134,"column":24},"end":{"line":134,"column":34}},"47":{"start":{"line":135,"column":18},"end":{"line":188,"column":5}},"48":{"start":{"line":190,"column":19},"end":{"line":190,"column":53}},"49":{"start":{"line":191,"column":4},"end":{"line":193,"column":5}},"50":{"start":{"line":192,"column":6},"end":{"line":192,"column":64}},"51":{"start":{"line":194,"column":4},"end":{"line":194,"column":40}},"52":{"start":{"line":196,"column":4},"end":{"line":196,"column":23}},"53":{"start":{"line":197,"column":4},"end":{"line":197,"column":86}},"54":{"start":{"line":201,"column":0},"end":{"line":201,"column":24}}},"fnMap":{"0":{"name":"(anonymous_0)","decl":{"start":{"line":6,"column":19},"end":{"line":6,"column":20}},"loc":{"start":{"line":6,"column":39},"end":{"line":59,"column":1}},"line":6},"1":{"name":"(anonymous_1)","decl":{"start":{"line":62,"column":25},"end":{"line":62,"column":26}},"loc":{"start":{"line":62,"column":45},"end":{"line":114,"column":1}},"line":62},"2":{"name":"(anonymous_2)","decl":{"start":{"line":117,"column":23},"end":{"line":117,"column":24}},"loc":{"start":{"line":117,"column":43},"end":{"line":129,"column":1}},"line":117},"3":{"name":"(anonymous_3)","decl":{"start":{"line":124,"column":40},"end":{"line":124,"column":41}},"loc":{"start":{"line":124,"column":47},"end":{"line":124,"column":57}},"line":124},"4":{"name":"(anonymous_4)","decl":{"start":{"line":132,"column":24},"end":{"line":132,"column":25}},"loc":{"start":{"line":132,"column":44},"end":{"line":199,"column":1}},"line":132}},"branchMap":{"0":{"loc":{"start":{"line":8,"column":12},"end":{"line":8,"column":30}},"type":"default-arg","locations":[{"start":{"line":8,"column":21},"end":{"line":8,"column":30}}],"line":8},"1":{"loc":{"start":{"line":8,"column":32},"end":{"line":8,"column":42}},"type":"default-arg","locations":[{"start":{"line":8,"column":40},"end":{"line":8,"column":42}}],"line":8},"2":{"loc":{"start":{"line":8,"column":44},"end":{"line":8,"column":58}},"type":"default-arg","locations":[{"start":{"line":8,"column":52},"end":{"line":8,"column":58}}],"line":8},"3":{"loc":{"start":{"line":11,"column":22},"end":{"line":13,"column":16}},"type":"cond-expr","locations":[{"start":{"line":12,"column":10},"end":{"line":12,"column":29}},{"start":{"line":13,"column":10},"end":{"line":13,"column":16}}],"line":11},"4":{"loc":{"start":{"line":16,"column":24},"end":{"line":16,"column":49}},"type":"binary-expr","locations":[{"start":{"line":16,"column":24},"end":{"line":16,"column":43}},{"start":{"line":16,"column":47},"end":{"line":16,"column":49}}],"line":16},"5":{"loc":{"start":{"line":22,"column":4},"end":{"line":45,"column":5}},"type":"if","locations":[{"start":{"line":22,"column":4},"end":{"line":45,"column":5}},{"start":{"line":29,"column":11},"end":{"line":45,"column":5}}],"line":22},"6":{"loc":{"start":{"line":29,"column":11},"end":{"line":45,"column":5}},"type":"if","locations":[{"start":{"line":29,"column":11},"end":{"line":45,"column":5}},{"start":{"line":36,"column":11},"end":{"line":45,"column":5}}],"line":29},"7":{"loc":{"start":{"line":36,"column":11},"end":{"line":45,"column":5}},"type":"if","locations":[{"start":{"line":36,"column":11},"end":{"line":45,"column":5}},{"start":{"line":43,"column":11},"end":{"line":45,"column":5}}],"line":36},"8":{"loc":{"start":{"line":64,"column":20},"end":{"line":64,"column":30}},"type":"default-arg","locations":[{"start":{"line":64,"column":28},"end":{"line":64,"column":30}}],"line":64},"9":{"loc":{"start":{"line":64,"column":32},"end":{"line":64,"column":46}},"type":"default-arg","locations":[{"start":{"line":64,"column":40},"end":{"line":64,"column":46}}],"line":64},"10":{"loc":{"start":{"line":67,"column":22},"end":{"line":69,"column":16}},"type":"cond-expr","locations":[{"start":{"line":68,"column":10},"end":{"line":68,"column":29}},{"start":{"line":69,"column":10},"end":{"line":69,"column":16}}],"line":67},"11":{"loc":{"start":{"line":72,"column":24},"end":{"line":72,"column":49}},"type":"binary-expr","locations":[{"start":{"line":72,"column":24},"end":{"line":72,"column":43}},{"start":{"line":72,"column":47},"end":{"line":72,"column":49}}],"line":72},"12":{"loc":{"start":{"line":90,"column":4},"end":{"line":93,"column":5}},"type":"if","locations":[{"start":{"line":90,"column":4},"end":{"line":93,"column":5}},{"start":{},"end":{}}],"line":90},"13":{"loc":{"start":{"line":107,"column":14},"end":{"line":107,"column":28}},"type":"binary-expr","locations":[{"start":{"line":107,"column":14},"end":{"line":107,"column":20}},{"start":{"line":107,"column":24},"end":{"line":107,"column":28}}],"line":107},"14":{"loc":{"start":{"line":191,"column":4},"end":{"line":193,"column":5}},"type":"if","locations":[{"start":{"line":191,"column":4},"end":{"line":193,"column":5}},{"start":{},"end":{}}],"line":191}},"s":{"0":9,"1":9,"2":9,"3":9,"4":6,"5":6,"6":6,"7":6,"8":6,"9":6,"10":3,"11":3,"12":1,"13":2,"14":1,"15":1,"16":5,"17":5,"18":0,"19":0,"20":9,"21":3,"22":3,"23":3,"24":3,"25":3,"26":3,"27":3,"28":3,"29":2,"30":2,"31":3,"32":3,"33":3,"34":3,"35":0,"36":0,"37":9,"38":2,"39":2,"40":1,"41":3,"42":1,"43":1,"44":9,"45":4,"46":4,"47":4,"48":4,"49":3,"50":2,"51":1,"52":1,"53":1,"54":9},"f":{"0":6,"1":3,"2":2,"3":3,"4":4},"b":{"0":[1],"1":[4],"2":[6],"3":[6,0],"4":[6,1],"5":[3,3],"6":[1,2],"7":[1,1],"8":[2],"9":[3],"10":[3,0],"11":[3,0],"12":[2,1],"13":[3,1],"14":[2,1]},"_coverageSchema":"1a1c01bbd47fc00a2c39e90264f33305004495a9","hash":"0ad9503a8e1be90b62fa814e3db3c61f69d85e78"}
,"/home/hansonsks/Work/cis4500/movie-industry-analysis/server/routes/auth.js": {"path":"/home/hansonsks/Work/cis4500/movie-industry-analysis/server/routes/auth.js","statementMap":{"0":{"start":{"line":1,"column":16},"end":{"line":1,"column":34}},"1":{"start":{"line":2,"column":15},"end":{"line":2,"column":31}},"2":{"start":{"line":3,"column":15},"end":{"line":3,"column":32}},"3":{"start":{"line":4,"column":12},"end":{"line":4,"column":35}},"4":{"start":{"line":5,"column":36},"end":{"line":5,"column":64}},"5":{"start":{"line":6,"column":13},"end":{"line":6,"column":40}},"6":{"start":{"line":7,"column":15},"end":{"line":7,"column":35}},"7":{"start":{"line":10,"column":0},"end":{"line":64,"column":3}},"8":{"start":{"line":17,"column":17},"end":{"line":17,"column":38}},"9":{"start":{"line":18,"column":2},"end":{"line":20,"column":3}},"10":{"start":{"line":19,"column":4},"end":{"line":19,"column":60}},"11":{"start":{"line":22,"column":46},"end":{"line":22,"column":54}},"12":{"start":{"line":24,"column":2},"end":{"line":63,"column":3}},"13":{"start":{"line":26,"column":22},"end":{"line":29,"column":5}},"14":{"start":{"line":31,"column":4},"end":{"line":33,"column":5}},"15":{"start":{"line":32,"column":6},"end":{"line":32,"column":68}},"16":{"start":{"line":36,"column":17},"end":{"line":36,"column":41}},"17":{"start":{"line":37,"column":27},"end":{"line":37,"column":60}},"18":{"start":{"line":40,"column":19},"end":{"line":43,"column":5}},"19":{"start":{"line":45,"column":17},"end":{"line":45,"column":31}},"20":{"start":{"line":48,"column":18},"end":{"line":52,"column":5}},"21":{"start":{"line":54,"column":4},"end":{"line":59,"column":7}},"22":{"start":{"line":61,"column":4},"end":{"line":61,"column":23}},"23":{"start":{"line":62,"column":4},"end":{"line":62,"column":49}},"24":{"start":{"line":67,"column":0},"end":{"line":120,"column":3}},"25":{"start":{"line":71,"column":17},"end":{"line":71,"column":38}},"26":{"start":{"line":72,"column":2},"end":{"line":74,"column":3}},"27":{"start":{"line":73,"column":4},"end":{"line":73,"column":60}},"28":{"start":{"line":76,"column":33},"end":{"line":76,"column":41}},"29":{"start":{"line":78,"column":2},"end":{"line":119,"column":3}},"30":{"start":{"line":80,"column":20},"end":{"line":80,"column":42}},"31":{"start":{"line":81,"column":18},"end":{"line":83,"column":49}},"32":{"start":{"line":85,"column":19},"end":{"line":85,"column":54}},"33":{"start":{"line":87,"column":4},"end":{"line":89,"column":5}},"34":{"start":{"line":88,"column":6},"end":{"line":88,"column":68}},"35":{"start":{"line":91,"column":17},"end":{"line":91,"column":31}},"36":{"start":{"line":94,"column":26},"end":{"line":94,"column":71}},"37":{"start":{"line":95,"column":4},"end":{"line":97,"column":5}},"38":{"start":{"line":96,"column":6},"end":{"line":96,"column":68}},"39":{"start":{"line":100,"column":4},"end":{"line":101,"column":22}},"40":{"start":{"line":104,"column":18},"end":{"line":108,"column":5}},"41":{"start":{"line":110,"column":4},"end":{"line":115,"column":7}},"42":{"start":{"line":117,"column":4},"end":{"line":117,"column":23}},"43":{"start":{"line":118,"column":4},"end":{"line":118,"column":52}},"44":{"start":{"line":123,"column":0},"end":{"line":126,"column":3}},"45":{"start":{"line":125,"column":2},"end":{"line":125,"column":51}},"46":{"start":{"line":128,"column":0},"end":{"line":128,"column":24}}},"fnMap":{"0":{"name":"(anonymous_0)","decl":{"start":{"line":15,"column":3},"end":{"line":15,"column":4}},"loc":{"start":{"line":15,"column":23},"end":{"line":64,"column":1}},"line":15},"1":{"name":"(anonymous_1)","decl":{"start":{"line":70,"column":3},"end":{"line":70,"column":4}},"loc":{"start":{"line":70,"column":23},"end":{"line":120,"column":1}},"line":70},"2":{"name":"(anonymous_2)","decl":{"start":{"line":123,"column":23},"end":{"line":123,"column":24}},"loc":{"start":{"line":123,"column":43},"end":{"line":126,"column":1}},"line":123}},"branchMap":{"0":{"loc":{"start":{"line":18,"column":2},"end":{"line":20,"column":3}},"type":"if","locations":[{"start":{"line":18,"column":2},"end":{"line":20,"column":3}},{"start":{},"end":{}}],"line":18},"1":{"loc":{"start":{"line":31,"column":4},"end":{"line":33,"column":5}},"type":"if","locations":[{"start":{"line":31,"column":4},"end":{"line":33,"column":5}},{"start":{},"end":{}}],"line":31},"2":{"loc":{"start":{"line":72,"column":2},"end":{"line":74,"column":3}},"type":"if","locations":[{"start":{"line":72,"column":2},"end":{"line":74,"column":3}},{"start":{},"end":{}}],"line":72},"3":{"loc":{"start":{"line":81,"column":18},"end":{"line":83,"column":49}},"type":"cond-expr","locations":[{"start":{"line":82,"column":8},"end":{"line":82,"column":46}},{"start":{"line":83,"column":8},"end":{"line":83,"column":49}}],"line":81},"4":{"loc":{"start":{"line":87,"column":4},"end":{"line":89,"column":5}},"type":"if","locations":[{"start":{"line":87,"column":4},"end":{"line":89,"column":5}},{"start":{},"end":{}}],"line":87},"5":{"loc":{"start":{"line":95,"column":4},"end":{"line":97,"column":5}},"type":"if","locations":[{"start":{"line":95,"column":4},"end":{"line":97,"column":5}},{"start":{},"end":{}}],"line":95}},"s":{"0":9,"1":9,"2":9,"3":9,"4":9,"5":9,"6":9,"7":9,"8":3,"9":3,"10":1,"11":2,"12":2,"13":2,"14":2,"15":1,"16":1,"17":1,"18":1,"19":1,"20":1,"21":1,"22":0,"23":0,"24":9,"25":4,"26":4,"27":0,"28":4,"29":4,"30":4,"31":4,"32":4,"33":4,"34":1,"35":3,"36":3,"37":3,"38":1,"39":2,"40":2,"41":2,"42":0,"43":0,"44":9,"45":1,"46":9},"f":{"0":3,"1":4,"2":1},"b":{"0":[1,2],"1":[1,1],"2":[0,4],"3":[1,3],"4":[1,3],"5":[1,2]},"_coverageSchema":"1a1c01bbd47fc00a2c39e90264f33305004495a9","hash":"6050956b66fcfbe503e8128c484d60d9c77a3d62"}
,"/home/hansonsks/Work/cis4500/movie-industry-analysis/server/routes/awards.js": {"path":"/home/hansonsks/Work/cis4500/movie-industry-analysis/server/routes/awards.js","statementMap":{"0":{"start":{"line":1,"column":16},"end":{"line":1,"column":34}},"1":{"start":{"line":2,"column":15},"end":{"line":2,"column":31}},"2":{"start":{"line":3,"column":13},"end":{"line":3,"column":40}},"3":{"start":{"line":6,"column":0},"end":{"line":51,"column":3}},"4":{"start":{"line":7,"column":4},"end":{"line":50,"column":5}},"5":{"start":{"line":8,"column":30},"end":{"line":8,"column":40}},"6":{"start":{"line":10,"column":22},"end":{"line":35,"column":9}},"7":{"start":{"line":37,"column":23},"end":{"line":37,"column":59}},"8":{"start":{"line":39,"column":8},"end":{"line":41,"column":9}},"9":{"start":{"line":40,"column":12},"end":{"line":40,"column":89}},"10":{"start":{"line":43,"column":8},"end":{"line":46,"column":11}},"11":{"start":{"line":48,"column":8},"end":{"line":48,"column":27}},"12":{"start":{"line":49,"column":8},"end":{"line":49,"column":89}},"13":{"start":{"line":54,"column":0},"end":{"line":92,"column":3}},"14":{"start":{"line":55,"column":4},"end":{"line":91,"column":5}},"15":{"start":{"line":56,"column":41},"end":{"line":56,"column":50}},"16":{"start":{"line":58,"column":8},"end":{"line":60,"column":9}},"17":{"start":{"line":59,"column":12},"end":{"line":59,"column":85}},"18":{"start":{"line":62,"column":22},"end":{"line":76,"column":9}},"19":{"start":{"line":78,"column":23},"end":{"line":78,"column":65}},"20":{"start":{"line":80,"column":8},"end":{"line":82,"column":9}},"21":{"start":{"line":81,"column":12},"end":{"line":81,"column":87}},"22":{"start":{"line":84,"column":8},"end":{"line":87,"column":11}},"23":{"start":{"line":89,"column":8},"end":{"line":89,"column":27}},"24":{"start":{"line":90,"column":8},"end":{"line":90,"column":91}},"25":{"start":{"line":94,"column":0},"end":{"line":146,"column":3}},"26":{"start":{"line":95,"column":4},"end":{"line":145,"column":5}},"27":{"start":{"line":96,"column":24},"end":{"line":96,"column":41}},"28":{"start":{"line":98,"column":22},"end":{"line":131,"column":9}},"29":{"start":{"line":133,"column":23},"end":{"line":133,"column":57}},"30":{"start":{"line":135,"column":8},"end":{"line":137,"column":9}},"31":{"start":{"line":136,"column":12},"end":{"line":136,"column":89}},"32":{"start":{"line":139,"column":8},"end":{"line":141,"column":11}},"33":{"start":{"line":143,"column":8},"end":{"line":143,"column":27}},"34":{"start":{"line":144,"column":8},"end":{"line":144,"column":86}},"35":{"start":{"line":149,"column":0},"end":{"line":206,"column":3}},"36":{"start":{"line":150,"column":4},"end":{"line":205,"column":5}},"37":{"start":{"line":151,"column":22},"end":{"line":151,"column":37}},"38":{"start":{"line":152,"column":21},"end":{"line":152,"column":35}},"39":{"start":{"line":153,"column":25},"end":{"line":153,"column":43}},"40":{"start":{"line":154,"column":25},"end":{"line":154,"column":43}},"41":{"start":{"line":157,"column":22},"end":{"line":191,"column":9}},"42":{"start":{"line":193,"column":23},"end":{"line":193,"column":81}},"43":{"start":{"line":195,"column":8},"end":{"line":197,"column":9}},"44":{"start":{"line":196,"column":12},"end":{"line":196,"column":90}},"45":{"start":{"line":199,"column":8},"end":{"line":201,"column":11}},"46":{"start":{"line":203,"column":8},"end":{"line":203,"column":27}},"47":{"start":{"line":204,"column":8},"end":{"line":204,"column":86}},"48":{"start":{"line":208,"column":0},"end":{"line":208,"column":24}}},"fnMap":{"0":{"name":"(anonymous_0)","decl":{"start":{"line":6,"column":35},"end":{"line":6,"column":36}},"loc":{"start":{"line":6,"column":55},"end":{"line":51,"column":1}},"line":6},"1":{"name":"(anonymous_1)","decl":{"start":{"line":54,"column":27},"end":{"line":54,"column":28}},"loc":{"start":{"line":54,"column":47},"end":{"line":92,"column":1}},"line":54},"2":{"name":"(anonymous_2)","decl":{"start":{"line":94,"column":33},"end":{"line":94,"column":34}},"loc":{"start":{"line":94,"column":53},"end":{"line":146,"column":1}},"line":94},"3":{"name":"(anonymous_3)","decl":{"start":{"line":149,"column":31},"end":{"line":149,"column":32}},"loc":{"start":{"line":149,"column":51},"end":{"line":206,"column":1}},"line":149}},"branchMap":{"0":{"loc":{"start":{"line":39,"column":8},"end":{"line":41,"column":9}},"type":"if","locations":[{"start":{"line":39,"column":8},"end":{"line":41,"column":9}},{"start":{},"end":{}}],"line":39},"1":{"loc":{"start":{"line":56,"column":26},"end":{"line":56,"column":36}},"type":"default-arg","locations":[{"start":{"line":56,"column":34},"end":{"line":56,"column":36}}],"line":56},"2":{"loc":{"start":{"line":58,"column":8},"end":{"line":60,"column":9}},"type":"if","locations":[{"start":{"line":58,"column":8},"end":{"line":60,"column":9}},{"start":{},"end":{}}],"line":58},"3":{"loc":{"start":{"line":80,"column":8},"end":{"line":82,"column":9}},"type":"if","locations":[{"start":{"line":80,"column":8},"end":{"line":82,"column":9}},{"start":{},"end":{}}],"line":80},"4":{"loc":{"start":{"line":135,"column":8},"end":{"line":137,"column":9}},"type":"if","locations":[{"start":{"line":135,"column":8},"end":{"line":137,"column":9}},{"start":{},"end":{}}],"line":135},"5":{"loc":{"start":{"line":195,"column":8},"end":{"line":197,"column":9}},"type":"if","locations":[{"start":{"line":195,"column":8},"end":{"line":197,"column":9}},{"start":{},"end":{}}],"line":195}},"s":{"0":9,"1":9,"2":9,"3":9,"4":5,"5":5,"6":5,"7":5,"8":4,"9":2,"10":2,"11":1,"12":1,"13":9,"14":5,"15":5,"16":5,"17":1,"18":4,"19":4,"20":4,"21":1,"22":2,"23":1,"24":1,"25":9,"26":5,"27":5,"28":5,"29":5,"30":4,"31":1,"32":1,"33":3,"34":3,"35":9,"36":5,"37":5,"38":5,"39":5,"40":5,"41":5,"42":5,"43":4,"44":1,"45":1,"46":3,"47":3,"48":9},"f":{"0":5,"1":5,"2":5,"3":5},"b":{"0":[2,2],"1":[3],"2":[1,4],"3":[1,2],"4":[1,1],"5":[1,1]},"_coverageSchema":"1a1c01bbd47fc00a2c39e90264f33305004495a9","hash":"785949090fff2ba883d2ba383d850db39336b2ac"}
,"/home/hansonsks/Work/cis4500/movie-industry-analysis/server/routes/dashboard.js": {"path":"/home/hansonsks/Work/cis4500/movie-industry-analysis/server/routes/dashboard.js","statementMap":{"0":{"start":{"line":1,"column":16},"end":{"line":1,"column":34}},"1":{"start":{"line":2,"column":15},"end":{"line":2,"column":31}},"2":{"start":{"line":3,"column":13},"end":{"line":3,"column":40}},"3":{"start":{"line":6,"column":0},"end":{"line":133,"column":3}},"4":{"start":{"line":7,"column":2},"end":{"line":132,"column":3}},"5":{"start":{"line":9,"column":31},"end":{"line":24,"column":5}},"6":{"start":{"line":27,"column":28},"end":{"line":38,"column":5}},"7":{"start":{"line":41,"column":23},"end":{"line":50,"column":5}},"8":{"start":{"line":53,"column":33},"end":{"line":84,"column":5}},"9":{"start":{"line":87,"column":64},"end":{"line":92,"column":6}},"10":{"start":{"line":95,"column":34},"end":{"line":117,"column":6}},"11":{"start":{"line":96,"column":25},"end":{"line":110,"column":7}},"12":{"start":{"line":112,"column":26},"end":{"line":112,"column":75}},"13":{"start":{"line":113,"column":6},"end":{"line":116,"column":8}},"14":{"start":{"line":120,"column":32},"end":{"line":120,"column":72}},"15":{"start":{"line":123,"column":4},"end":{"line":128,"column":7}},"16":{"start":{"line":130,"column":4},"end":{"line":130,"column":63}},"17":{"start":{"line":131,"column":4},"end":{"line":131,"column":87}},"18":{"start":{"line":135,"column":0},"end":{"line":135,"column":24}}},"fnMap":{"0":{"name":"(anonymous_0)","decl":{"start":{"line":6,"column":16},"end":{"line":6,"column":17}},"loc":{"start":{"line":6,"column":36},"end":{"line":133,"column":1}},"line":6},"1":{"name":"(anonymous_1)","decl":{"start":{"line":95,"column":54},"end":{"line":95,"column":55}},"loc":{"start":{"line":95,"column":74},"end":{"line":117,"column":5}},"line":95}},"branchMap":{},"s":{"0":9,"1":9,"2":9,"3":9,"4":2,"5":2,"6":2,"7":2,"8":2,"9":2,"10":1,"11":1,"12":1,"13":1,"14":1,"15":1,"16":1,"17":1,"18":9},"f":{"0":2,"1":1},"b":{},"_coverageSchema":"1a1c01bbd47fc00a2c39e90264f33305004495a9","hash":"8b59dbb16d41e5a08df26b78b02f2dbb2be6c60b"}
,"/home/hansonsks/Work/cis4500/movie-industry-analysis/server/routes/directors.js": {"path":"/home/hansonsks/Work/cis4500/movie-industry-analysis/server/routes/directors.js","statementMap":{"0":{"start":{"line":1,"column":16},"end":{"line":1,"column":34}},"1":{"start":{"line":2,"column":15},"end":{"line":2,"column":31}},"2":{"start":{"line":3,"column":13},"end":{"line":3,"column":40}},"3":{"start":{"line":6,"column":0},"end":{"line":69,"column":3}},"4":{"start":{"line":7,"column":4},"end":{"line":68,"column":5}},"5":{"start":{"line":8,"column":67},"end":{"line":8,"column":76}},"6":{"start":{"line":11,"column":26},"end":{"line":13,"column":20}},"7":{"start":{"line":16,"column":28},"end":{"line":16,"column":53}},"8":{"start":{"line":18,"column":8},"end":{"line":18,"column":116}},"9":{"start":{"line":22,"column":8},"end":{"line":55,"column":9}},"10":{"start":{"line":23,"column":12},"end":{"line":31,"column":14}},"11":{"start":{"line":32,"column":15},"end":{"line":55,"column":9}},"12":{"start":{"line":33,"column":12},"end":{"line":41,"column":14}},"13":{"start":{"line":42,"column":15},"end":{"line":55,"column":9}},"14":{"start":{"line":43,"column":12},"end":{"line":52,"column":14}},"15":{"start":{"line":54,"column":12},"end":{"line":54,"column":79}},"16":{"start":{"line":57,"column":23},"end":{"line":57,"column":61}},"17":{"start":{"line":59,"column":8},"end":{"line":64,"column":11}},"18":{"start":{"line":66,"column":8},"end":{"line":66,"column":27}},"19":{"start":{"line":67,"column":8},"end":{"line":67,"column":90}},"20":{"start":{"line":72,"column":0},"end":{"line":116,"column":3}},"21":{"start":{"line":73,"column":4},"end":{"line":115,"column":5}},"22":{"start":{"line":74,"column":54},"end":{"line":74,"column":63}},"23":{"start":{"line":77,"column":26},"end":{"line":79,"column":20}},"24":{"start":{"line":82,"column":28},"end":{"line":82,"column":52}},"25":{"start":{"line":84,"column":22},"end":{"line":99,"column":9}},"26":{"start":{"line":101,"column":23},"end":{"line":101,"column":36}},"27":{"start":{"line":102,"column":8},"end":{"line":102,"column":40}},"28":{"start":{"line":102,"column":20},"end":{"line":102,"column":40}},"29":{"start":{"line":104,"column":23},"end":{"line":104,"column":54}},"30":{"start":{"line":106,"column":8},"end":{"line":111,"column":11}},"31":{"start":{"line":113,"column":8},"end":{"line":113,"column":27}},"32":{"start":{"line":114,"column":8},"end":{"line":114,"column":96}},"33":{"start":{"line":119,"column":0},"end":{"line":209,"column":3}},"34":{"start":{"line":120,"column":4},"end":{"line":208,"column":5}},"35":{"start":{"line":121,"column":31},"end":{"line":121,"column":41}},"36":{"start":{"line":122,"column":8},"end":{"line":122,"column":70}},"37":{"start":{"line":124,"column":22},"end":{"line":180,"column":9}},"38":{"start":{"line":182,"column":23},"end":{"line":182,"column":60}},"39":{"start":{"line":184,"column":8},"end":{"line":186,"column":9}},"40":{"start":{"line":185,"column":12},"end":{"line":185,"column":73}},"41":{"start":{"line":189,"column":25},"end":{"line":189,"column":39}},"42":{"start":{"line":192,"column":8},"end":{"line":202,"column":9}},"43":{"start":{"line":193,"column":12},"end":{"line":193,"column":85}},"44":{"start":{"line":193,"column":62},"end":{"line":193,"column":83}},"45":{"start":{"line":196,"column":12},"end":{"line":201,"column":15}},"46":{"start":{"line":197,"column":16},"end":{"line":200,"column":17}},"47":{"start":{"line":199,"column":20},"end":{"line":199,"column":80}},"48":{"start":{"line":199,"column":64},"end":{"line":199,"column":78}},"49":{"start":{"line":204,"column":8},"end":{"line":204,"column":31}},"50":{"start":{"line":206,"column":8},"end":{"line":206,"column":63}},"51":{"start":{"line":207,"column":8},"end":{"line":207,"column":93}},"52":{"start":{"line":211,"column":0},"end":{"line":211,"column":24}}},"fnMap":{"0":{"name":"(anonymous_0)","decl":{"start":{"line":6,"column":19},"end":{"line":6,"column":20}},"loc":{"start":{"line":6,"column":39},"end":{"line":69,"column":1}},"line":6},"1":{"name":"(anonymous_1)","decl":{"start":{"line":72,"column":25},"end":{"line":72,"column":26}},"loc":{"start":{"line":72,"column":45},"end":{"line":116,"column":1}},"line":72},"2":{"name":"(anonymous_2)","decl":{"start":{"line":119,"column":27},"end":{"line":119,"column":28}},"loc":{"start":{"line":119,"column":47},"end":{"line":209,"column":1}},"line":119},"3":{"name":"(anonymous_3)","decl":{"start":{"line":193,"column":53},"end":{"line":193,"column":54}},"loc":{"start":{"line":193,"column":62},"end":{"line":193,"column":83}},"line":193},"4":{"name":"(anonymous_4)","decl":{"start":{"line":196,"column":36},"end":{"line":196,"column":37}},"loc":{"start":{"line":196,"column":45},"end":{"line":201,"column":13}},"line":196},"5":{"name":"(anonymous_5)","decl":{"start":{"line":199,"column":55},"end":{"line":199,"column":56}},"loc":{"start":{"line":199,"column":64},"end":{"line":199,"column":78}},"line":199}},"branchMap":{"0":{"loc":{"start":{"line":8,"column":16},"end":{"line":8,"column":34}},"type":"default-arg","locations":[{"start":{"line":8,"column":25},"end":{"line":8,"column":34}}],"line":8},"1":{"loc":{"start":{"line":8,"column":36},"end":{"line":8,"column":46}},"type":"default-arg","locations":[{"start":{"line":8,"column":44},"end":{"line":8,"column":46}}],"line":8},"2":{"loc":{"start":{"line":8,"column":48},"end":{"line":8,"column":62}},"type":"default-arg","locations":[{"start":{"line":8,"column":56},"end":{"line":8,"column":62}}],"line":8},"3":{"loc":{"start":{"line":11,"column":26},"end":{"line":13,"column":20}},"type":"cond-expr","locations":[{"start":{"line":12,"column":14},"end":{"line":12,"column":33}},{"start":{"line":13,"column":14},"end":{"line":13,"column":20}}],"line":11},"4":{"loc":{"start":{"line":16,"column":28},"end":{"line":16,"column":53}},"type":"binary-expr","locations":[{"start":{"line":16,"column":28},"end":{"line":16,"column":47}},{"start":{"line":16,"column":51},"end":{"line":16,"column":53}}],"line":16},"5":{"loc":{"start":{"line":22,"column":8},"end":{"line":55,"column":9}},"type":"if","locations":[{"start":{"line":22,"column":8},"end":{"line":55,"column":9}},{"start":{"line":32,"column":15},"end":{"line":55,"column":9}}],"line":22},"6":{"loc":{"start":{"line":32,"column":15},"end":{"line":55,"column":9}},"type":"if","locations":[{"start":{"line":32,"column":15},"end":{"line":55,"column":9}},{"start":{"line":42,"column":15},"end":{"line":55,"column":9}}],"line":32},"7":{"loc":{"start":{"line":42,"column":15},"end":{"line":55,"column":9}},"type":"if","locations":[{"start":{"line":42,"column":15},"end":{"line":55,"column":9}},{"start":{"line":53,"column":15},"end":{"line":55,"column":9}}],"line":42},"8":{"loc":{"start":{"line":74,"column":24},"end":{"line":74,"column":33}},"type":"default-arg","locations":[{"start":{"line":74,"column":32},"end":{"line":74,"column":33}}],"line":74},"9":{"loc":{"start":{"line":74,"column":35},"end":{"line":74,"column":49}},"type":"default-arg","locations":[{"start":{"line":74,"column":43},"end":{"line":74,"column":49}}],"line":74},"10":{"loc":{"start":{"line":77,"column":26},"end":{"line":79,"column":20}},"type":"cond-expr","locations":[{"start":{"line":78,"column":14},"end":{"line":78,"column":33}},{"start":{"line":79,"column":14},"end":{"line":79,"column":20}}],"line":77},"11":{"loc":{"start":{"line":82,"column":28},"end":{"line":82,"column":52}},"type":"binary-expr","locations":[{"start":{"line":82,"column":28},"end":{"line":82,"column":47}},{"start":{"line":82,"column":51},"end":{"line":82,"column":52}}],"line":82},"12":{"loc":{"start":{"line":96,"column":10},"end":{"line":96,"column":43}},"type":"cond-expr","locations":[{"start":{"line":96,"column":19},"end":{"line":96,"column":38}},{"start":{"line":96,"column":41},"end":{"line":96,"column":43}}],"line":96},"13":{"loc":{"start":{"line":102,"column":8},"end":{"line":102,"column":40}},"type":"if","locations":[{"start":{"line":102,"column":8},"end":{"line":102,"column":40}},{"start":{},"end":{}}],"line":102},"14":{"loc":{"start":{"line":109,"column":20},"end":{"line":109,"column":34}},"type":"binary-expr","locations":[{"start":{"line":109,"column":20},"end":{"line":109,"column":26}},{"start":{"line":109,"column":30},"end":{"line":109,"column":34}}],"line":109},"15":{"loc":{"start":{"line":184,"column":8},"end":{"line":186,"column":9}},"type":"if","locations":[{"start":{"line":184,"column":8},"end":{"line":186,"column":9}},{"start":{},"end":{}}],"line":184},"16":{"loc":{"start":{"line":192,"column":8},"end":{"line":202,"column":9}},"type":"if","locations":[{"start":{"line":192,"column":8},"end":{"line":202,"column":9}},{"start":{},"end":{}}],"line":192},"17":{"loc":{"start":{"line":193,"column":62},"end":{"line":193,"column":83}},"type":"binary-expr","locations":[{"start":{"line":193,"column":62},"end":{"line":193,"column":67}},{"start":{"line":193,"column":71},"end":{"line":193,"column":83}}],"line":193},"18":{"loc":{"start":{"line":197,"column":16},"end":{"line":200,"column":17}},"type":"if","locations":[{"start":{"line":197,"column":16},"end":{"line":200,"column":17}},{"start":{},"end":{}}],"line":197}},"s":{"0":9,"1":9,"2":9,"3":9,"4":6,"5":6,"6":6,"7":6,"8":6,"9":6,"10":3,"11":3,"12":1,"13":2,"14":1,"15":1,"16":5,"17":5,"18":0,"19":0,"20":9,"21":3,"22":3,"23":3,"24":3,"25":3,"26":3,"27":3,"28":2,"29":3,"30":3,"31":0,"32":0,"33":9,"34":6,"35":6,"36":6,"37":6,"38":6,"39":5,"40":2,"41":3,"42":3,"43":3,"44":5,"45":3,"46":3,"47":3,"48":5,"49":3,"50":1,"51":1,"52":9},"f":{"0":6,"1":3,"2":6,"3":5,"4":3,"5":5},"b":{"0":[1],"1":[5],"2":[4],"3":[5,1],"4":[6,0],"5":[3,3],"6":[1,2],"7":[1,1],"8":[2],"9":[3],"10":[3,0],"11":[3,0],"12":[2,1],"13":[2,1],"14":[3,1],"15":[2,3],"16":[3,0],"17":[5,4],"18":[3,0]},"_coverageSchema":"1a1c01bbd47fc00a2c39e90264f33305004495a9","hash":"6490e07ba70d4bd94fda3a267bc567bf51d05038"}
,"/home/hansonsks/Work/cis4500/movie-industry-analysis/server/routes/films.js": {"path":"/home/hansonsks/Work/cis4500/movie-industry-analysis/server/routes/films.js","statementMap":{"0":{"start":{"line":1,"column":16},"end":{"line":1,"column":34}},"1":{"start":{"line":2,"column":15},"end":{"line":2,"column":31}},"2":{"start":{"line":3,"column":13},"end":{"line":3,"column":40}},"3":{"start":{"line":6,"column":0},"end":{"line":96,"column":3}},"4":{"start":{"line":7,"column":4},"end":{"line":95,"column":5}},"5":{"start":{"line":8,"column":65},"end":{"line":8,"column":74}},"6":{"start":{"line":9,"column":22},"end":{"line":85,"column":9}},"7":{"start":{"line":87,"column":23},"end":{"line":87,"column":75}},"8":{"start":{"line":88,"column":8},"end":{"line":90,"column":9}},"9":{"start":{"line":89,"column":12},"end":{"line":89,"column":69}},"10":{"start":{"line":91,"column":8},"end":{"line":91,"column":41}},"11":{"start":{"line":93,"column":8},"end":{"line":93,"column":27}},"12":{"start":{"line":94,"column":8},"end":{"line":94,"column":99}},"13":{"start":{"line":99,"column":0},"end":{"line":195,"column":5}},"14":{"start":{"line":100,"column":4},"end":{"line":194,"column":5}},"15":{"start":{"line":101,"column":28},"end":{"line":101,"column":38}},"16":{"start":{"line":102,"column":57},"end":{"line":102,"column":66}},"17":{"start":{"line":104,"column":6},"end":{"line":104,"column":119}},"18":{"start":{"line":107,"column":23},"end":{"line":107,"column":25}},"19":{"start":{"line":110,"column":6},"end":{"line":120,"column":7}},"20":{"start":{"line":111,"column":8},"end":{"line":119,"column":9}},"21":{"start":{"line":113,"column":10},"end":{"line":113,"column":30}},"22":{"start":{"line":115,"column":30},"end":{"line":115,"column":45}},"23":{"start":{"line":116,"column":10},"end":{"line":118,"column":11}},"24":{"start":{"line":117,"column":12},"end":{"line":117,"column":37}},"25":{"start":{"line":123,"column":30},"end":{"line":123,"column":47}},"26":{"start":{"line":124,"column":26},"end":{"line":124,"column":41}},"27":{"start":{"line":126,"column":24},"end":{"line":128,"column":18}},"28":{"start":{"line":130,"column":24},"end":{"line":132,"column":18}},"29":{"start":{"line":135,"column":25},"end":{"line":139,"column":7}},"30":{"start":{"line":141,"column":26},"end":{"line":141,"column":67}},"31":{"start":{"line":143,"column":6},"end":{"line":151,"column":7}},"32":{"start":{"line":145,"column":8},"end":{"line":150,"column":11}},"33":{"start":{"line":153,"column":26},"end":{"line":153,"column":52}},"34":{"start":{"line":156,"column":25},"end":{"line":178,"column":7}},"35":{"start":{"line":180,"column":26},"end":{"line":180,"column":81}},"36":{"start":{"line":183,"column":6},"end":{"line":190,"column":9}},"37":{"start":{"line":192,"column":6},"end":{"line":192,"column":59}},"38":{"start":{"line":193,"column":6},"end":{"line":193,"column":89}},"39":{"start":{"line":199,"column":0},"end":{"line":239,"column":3}},"40":{"start":{"line":200,"column":4},"end":{"line":238,"column":5}},"41":{"start":{"line":201,"column":30},"end":{"line":201,"column":40}},"42":{"start":{"line":202,"column":31},"end":{"line":202,"column":40}},"43":{"start":{"line":203,"column":22},"end":{"line":228,"column":9}},"44":{"start":{"line":230,"column":23},"end":{"line":230,"column":66}},"45":{"start":{"line":231,"column":8},"end":{"line":233,"column":9}},"46":{"start":{"line":232,"column":12},"end":{"line":232,"column":93}},"47":{"start":{"line":234,"column":8},"end":{"line":234,"column":59}},"48":{"start":{"line":236,"column":8},"end":{"line":236,"column":27}},"49":{"start":{"line":237,"column":8},"end":{"line":237,"column":96}},"50":{"start":{"line":241,"column":0},"end":{"line":345,"column":5}},"51":{"start":{"line":242,"column":4},"end":{"line":344,"column":5}},"52":{"start":{"line":243,"column":25},"end":{"line":243,"column":35}},"53":{"start":{"line":246,"column":29},"end":{"line":246,"column":65}},"54":{"start":{"line":248,"column":6},"end":{"line":248,"column":69}},"55":{"start":{"line":250,"column":20},"end":{"line":315,"column":7}},"56":{"start":{"line":317,"column":21},"end":{"line":317,"column":76}},"57":{"start":{"line":319,"column":6},"end":{"line":322,"column":7}},"58":{"start":{"line":320,"column":8},"end":{"line":320,"column":64}},"59":{"start":{"line":321,"column":8},"end":{"line":321,"column":65}},"60":{"start":{"line":325,"column":19},"end":{"line":325,"column":33}},"61":{"start":{"line":326,"column":6},"end":{"line":326,"column":97}},"62":{"start":{"line":329,"column":6},"end":{"line":329,"column":38}},"63":{"start":{"line":330,"column":6},"end":{"line":330,"column":44}},"64":{"start":{"line":331,"column":6},"end":{"line":331,"column":34}},"65":{"start":{"line":334,"column":6},"end":{"line":338,"column":7}},"66":{"start":{"line":337,"column":8},"end":{"line":337,"column":83}},"67":{"start":{"line":340,"column":6},"end":{"line":340,"column":25}},"68":{"start":{"line":342,"column":6},"end":{"line":342,"column":57}},"69":{"start":{"line":343,"column":6},"end":{"line":343,"column":87}},"70":{"start":{"line":347,"column":0},"end":{"line":347,"column":24}}},"fnMap":{"0":{"name":"(anonymous_0)","decl":{"start":{"line":6,"column":27},"end":{"line":6,"column":28}},"loc":{"start":{"line":6,"column":47},"end":{"line":96,"column":1}},"line":6},"1":{"name":"(anonymous_1)","decl":{"start":{"line":99,"column":35},"end":{"line":99,"column":36}},"loc":{"start":{"line":99,"column":55},"end":{"line":195,"column":3}},"line":99},"2":{"name":"(anonymous_2)","decl":{"start":{"line":199,"column":39},"end":{"line":199,"column":40}},"loc":{"start":{"line":199,"column":59},"end":{"line":239,"column":1}},"line":199},"3":{"name":"(anonymous_3)","decl":{"start":{"line":241,"column":23},"end":{"line":241,"column":24}},"loc":{"start":{"line":241,"column":43},"end":{"line":345,"column":3}},"line":241}},"branchMap":{"0":{"loc":{"start":{"line":8,"column":16},"end":{"line":8,"column":32}},"type":"default-arg","locations":[{"start":{"line":8,"column":28},"end":{"line":8,"column":32}}],"line":8},"1":{"loc":{"start":{"line":8,"column":34},"end":{"line":8,"column":48}},"type":"default-arg","locations":[{"start":{"line":8,"column":44},"end":{"line":8,"column":48}}],"line":8},"2":{"loc":{"start":{"line":8,"column":50},"end":{"line":8,"column":60}},"type":"default-arg","locations":[{"start":{"line":8,"column":58},"end":{"line":8,"column":60}}],"line":8},"3":{"loc":{"start":{"line":88,"column":8},"end":{"line":90,"column":9}},"type":"if","locations":[{"start":{"line":88,"column":8},"end":{"line":90,"column":9}},{"start":{},"end":{}}],"line":88},"4":{"loc":{"start":{"line":102,"column":14},"end":{"line":102,"column":29}},"type":"default-arg","locations":[{"start":{"line":102,"column":23},"end":{"line":102,"column":29}}],"line":102},"5":{"loc":{"start":{"line":102,"column":31},"end":{"line":102,"column":45}},"type":"default-arg","locations":[{"start":{"line":102,"column":39},"end":{"line":102,"column":45}}],"line":102},"6":{"loc":{"start":{"line":110,"column":6},"end":{"line":120,"column":7}},"type":"if","locations":[{"start":{"line":110,"column":6},"end":{"line":120,"column":7}},{"start":{},"end":{}}],"line":110},"7":{"loc":{"start":{"line":111,"column":8},"end":{"line":119,"column":9}},"type":"if","locations":[{"start":{"line":111,"column":8},"end":{"line":119,"column":9}},{"start":{"line":114,"column":15},"end":{"line":119,"column":9}}],"line":111},"8":{"loc":{"start":{"line":116,"column":10},"end":{"line":118,"column":11}},"type":"if","locations":[{"start":{"line":116,"column":10},"end":{"line":118,"column":11}},{"start":{},"end":{}}],"line":116},"9":{"loc":{"start":{"line":116,"column":14},"end":{"line":116,"column":52}},"type":"binary-expr","locations":[{"start":{"line":116,"column":14},"end":{"line":116,"column":33}},{"start":{"line":116,"column":37},"end":{"line":116,"column":52}}],"line":116},"10":{"loc":{"start":{"line":126,"column":24},"end":{"line":128,"column":18}},"type":"cond-expr","locations":[{"start":{"line":127,"column":12},"end":{"line":127,"column":32}},{"start":{"line":128,"column":12},"end":{"line":128,"column":18}}],"line":126},"11":{"loc":{"start":{"line":130,"column":24},"end":{"line":132,"column":18}},"type":"cond-expr","locations":[{"start":{"line":131,"column":12},"end":{"line":131,"column":31}},{"start":{"line":132,"column":12},"end":{"line":132,"column":18}}],"line":130},"12":{"loc":{"start":{"line":143,"column":6},"end":{"line":151,"column":7}},"type":"if","locations":[{"start":{"line":143,"column":6},"end":{"line":151,"column":7}},{"start":{},"end":{}}],"line":143},"13":{"loc":{"start":{"line":174,"column":10},"end":{"line":176,"column":88}},"type":"cond-expr","locations":[{"start":{"line":175,"column":12},"end":{"line":175,"column":85}},{"start":{"line":176,"column":12},"end":{"line":176,"column":88}}],"line":174},"14":{"loc":{"start":{"line":175,"column":36},"end":{"line":175,"column":72}},"type":"cond-expr","locations":[{"start":{"line":175,"column":58},"end":{"line":175,"column":63}},{"start":{"line":175,"column":66},"end":{"line":175,"column":72}}],"line":175},"15":{"loc":{"start":{"line":176,"column":39},"end":{"line":176,"column":75}},"type":"cond-expr","locations":[{"start":{"line":176,"column":61},"end":{"line":176,"column":66}},{"start":{"line":176,"column":69},"end":{"line":176,"column":75}}],"line":176},"16":{"loc":{"start":{"line":202,"column":16},"end":{"line":202,"column":26}},"type":"default-arg","locations":[{"start":{"line":202,"column":24},"end":{"line":202,"column":26}}],"line":202},"17":{"loc":{"start":{"line":231,"column":8},"end":{"line":233,"column":9}},"type":"if","locations":[{"start":{"line":231,"column":8},"end":{"line":233,"column":9}},{"start":{},"end":{}}],"line":231},"18":{"loc":{"start":{"line":319,"column":6},"end":{"line":322,"column":7}},"type":"if","locations":[{"start":{"line":319,"column":6},"end":{"line":322,"column":7}},{"start":{},"end":{}}],"line":319},"19":{"loc":{"start":{"line":329,"column":20},"end":{"line":329,"column":37}},"type":"binary-expr","locations":[{"start":{"line":329,"column":20},"end":{"line":329,"column":31}},{"start":{"line":329,"column":35},"end":{"line":329,"column":37}}],"line":329},"20":{"loc":{"start":{"line":330,"column":23},"end":{"line":330,"column":43}},"type":"binary-expr","locations":[{"start":{"line":330,"column":23},"end":{"line":330,"column":37}},{"start":{"line":330,"column":41},"end":{"line":330,"column":43}}],"line":330},"21":{"loc":{"start":{"line":331,"column":18},"end":{"line":331,"column":33}},"type":"binary-expr","locations":[{"start":{"line":331,"column":18},"end":{"line":331,"column":27}},{"start":{"line":331,"column":31},"end":{"line":331,"column":33}}],"line":331},"22":{"loc":{"start":{"line":334,"column":6},"end":{"line":338,"column":7}},"type":"if","locations":[{"start":{"line":334,"column":6},"end":{"line":338,"column":7}},{"start":{},"end":{}}],"line":334},"23":{"loc":{"start":{"line":334,"column":10},"end":{"line":334,"column":56}},"type":"binary-expr","locations":[{"start":{"line":334,"column":10},"end":{"line":334,"column":21}},{"start":{"line":334,"column":25},"end":{"line":334,"column":40}},{"start":{"line":334,"column":44},"end":{"line":334,"column":56}}],"line":334}},"s":{"0":9,"1":9,"2":9,"3":9,"4":2,"5":2,"6":2,"7":2,"8":2,"9":1,"10":1,"11":0,"12":0,"13":9,"14":7,"15":7,"16":7,"17":7,"18":7,"19":7,"20":1,"21":1,"22":0,"23":0,"24":0,"25":7,"26":7,"27":7,"28":7,"29":7,"30":7,"31":7,"32":1,"33":6,"34":6,"35":6,"36":6,"37":0,"38":0,"39":9,"40":1,"41":1,"42":1,"43":1,"44":1,"45":1,"46":0,"47":1,"48":0,"49":0,"50":9,"51":7,"52":7,"53":7,"54":7,"55":7,"56":7,"57":6,"58":1,"59":1,"60":5,"61":5,"62":5,"63":5,"64":5,"65":5,"66":3,"67":5,"68":1,"69":1,"70":9},"f":{"0":2,"1":7,"2":1,"3":7},"b":{"0":[1],"1":[1],"2":[1],"3":[1,1],"4":[5],"5":[5],"6":[1,6],"7":[1,0],"8":[0,0],"9":[0,0],"10":[6,1],"11":[6,1],"12":[1,6],"13":[5,1],"14":[0,5],"15":[1,0],"16":[1],"17":[0,1],"18":[1,5],"19":[5,4],"20":[5,3],"21":[5,3],"22":[3,2],"23":[5,3,3]},"_coverageSchema":"1a1c01bbd47fc00a2c39e90264f33305004495a9","hash":"0b929f9ce01208cfa1517066928c489c971caaf3"}
,"/home/hansonsks/Work/cis4500/movie-industry-analysis/server/routes/genres.js": {"path":"/home/hansonsks/Work/cis4500/movie-industry-analysis/server/routes/genres.js","statementMap":{"0":{"start":{"line":1,"column":16},"end":{"line":1,"column":34}},"1":{"start":{"line":2,"column":15},"end":{"line":2,"column":31}},"2":{"start":{"line":3,"column":13},"end":{"line":3,"column":40}},"3":{"start":{"line":6,"column":0},"end":{"line":53,"column":5}},"4":{"start":{"line":7,"column":4},"end":{"line":52,"column":5}},"5":{"start":{"line":8,"column":69},"end":{"line":8,"column":78}},"6":{"start":{"line":10,"column":26},"end":{"line":10,"column":91}},"7":{"start":{"line":12,"column":20},"end":{"line":37,"column":7}},"8":{"start":{"line":39,"column":21},"end":{"line":39,"column":23}},"9":{"start":{"line":40,"column":6},"end":{"line":40,"column":44}},"10":{"start":{"line":40,"column":21},"end":{"line":40,"column":44}},"11":{"start":{"line":41,"column":6},"end":{"line":41,"column":40}},"12":{"start":{"line":41,"column":19},"end":{"line":41,"column":40}},"13":{"start":{"line":42,"column":6},"end":{"line":42,"column":25}},"14":{"start":{"line":44,"column":21},"end":{"line":44,"column":52}},"15":{"start":{"line":45,"column":6},"end":{"line":47,"column":7}},"16":{"start":{"line":46,"column":8},"end":{"line":46,"column":66}},"17":{"start":{"line":48,"column":6},"end":{"line":48,"column":40}},"18":{"start":{"line":50,"column":6},"end":{"line":50,"column":25}},"19":{"start":{"line":51,"column":6},"end":{"line":51,"column":85}},"20":{"start":{"line":57,"column":0},"end":{"line":95,"column":5}},"21":{"start":{"line":58,"column":4},"end":{"line":94,"column":5}},"22":{"start":{"line":59,"column":37},"end":{"line":59,"column":46}},"23":{"start":{"line":61,"column":20},"end":{"line":82,"column":7}},"24":{"start":{"line":84,"column":21},"end":{"line":84,"column":57}},"25":{"start":{"line":85,"column":21},"end":{"line":85,"column":52}},"26":{"start":{"line":87,"column":6},"end":{"line":89,"column":7}},"27":{"start":{"line":88,"column":8},"end":{"line":88,"column":65}},"28":{"start":{"line":90,"column":6},"end":{"line":90,"column":39}},"29":{"start":{"line":92,"column":6},"end":{"line":92,"column":25}},"30":{"start":{"line":93,"column":6},"end":{"line":93,"column":97}},"31":{"start":{"line":99,"column":0},"end":{"line":140,"column":3}},"32":{"start":{"line":100,"column":4},"end":{"line":139,"column":5}},"33":{"start":{"line":101,"column":26},"end":{"line":101,"column":36}},"34":{"start":{"line":102,"column":39},"end":{"line":102,"column":48}},"35":{"start":{"line":104,"column":22},"end":{"line":129,"column":9}},"36":{"start":{"line":131,"column":23},"end":{"line":131,"column":55}},"37":{"start":{"line":132,"column":8},"end":{"line":134,"column":9}},"38":{"start":{"line":133,"column":12},"end":{"line":133,"column":70}},"39":{"start":{"line":135,"column":8},"end":{"line":135,"column":42}},"40":{"start":{"line":137,"column":8},"end":{"line":137,"column":27}},"41":{"start":{"line":138,"column":8},"end":{"line":138,"column":90}},"42":{"start":{"line":142,"column":0},"end":{"line":142,"column":24}}},"fnMap":{"0":{"name":"(anonymous_0)","decl":{"start":{"line":6,"column":19},"end":{"line":6,"column":20}},"loc":{"start":{"line":6,"column":39},"end":{"line":53,"column":3}},"line":6},"1":{"name":"(anonymous_1)","decl":{"start":{"line":57,"column":32},"end":{"line":57,"column":33}},"loc":{"start":{"line":57,"column":52},"end":{"line":95,"column":3}},"line":57},"2":{"name":"(anonymous_2)","decl":{"start":{"line":99,"column":22},"end":{"line":99,"column":23}},"loc":{"start":{"line":99,"column":42},"end":{"line":140,"column":1}},"line":99}},"branchMap":{"0":{"loc":{"start":{"line":8,"column":14},"end":{"line":8,"column":32}},"type":"default-arg","locations":[{"start":{"line":8,"column":23},"end":{"line":8,"column":32}}],"line":8},"1":{"loc":{"start":{"line":8,"column":54},"end":{"line":8,"column":64}},"type":"default-arg","locations":[{"start":{"line":8,"column":62},"end":{"line":8,"column":64}}],"line":8},"2":{"loc":{"start":{"line":10,"column":26},"end":{"line":10,"column":91}},"type":"cond-expr","locations":[{"start":{"line":10,"column":49},"end":{"line":10,"column":69}},{"start":{"line":10,"column":72},"end":{"line":10,"column":91}}],"line":10},"3":{"loc":{"start":{"line":23,"column":14},"end":{"line":23,"column":54}},"type":"cond-expr","locations":[{"start":{"line":23,"column":26},"end":{"line":23,"column":49}},{"start":{"line":23,"column":52},"end":{"line":23,"column":54}}],"line":23},"4":{"loc":{"start":{"line":24,"column":14},"end":{"line":24,"column":52}},"type":"cond-expr","locations":[{"start":{"line":24,"column":24},"end":{"line":24,"column":47}},{"start":{"line":24,"column":50},"end":{"line":24,"column":52}}],"line":24},"5":{"loc":{"start":{"line":40,"column":6},"end":{"line":40,"column":44}},"type":"if","locations":[{"start":{"line":40,"column":6},"end":{"line":40,"column":44}},{"start":{},"end":{}}],"line":40},"6":{"loc":{"start":{"line":41,"column":6},"end":{"line":41,"column":40}},"type":"if","locations":[{"start":{"line":41,"column":6},"end":{"line":41,"column":40}},{"start":{},"end":{}}],"line":41},"7":{"loc":{"start":{"line":45,"column":6},"end":{"line":47,"column":7}},"type":"if","locations":[{"start":{"line":45,"column":6},"end":{"line":47,"column":7}},{"start":{},"end":{}}],"line":45},"8":{"loc":{"start":{"line":84,"column":22},"end":{"line":84,"column":39}},"type":"binary-expr","locations":[{"start":{"line":84,"column":22},"end":{"line":84,"column":31}},{"start":{"line":84,"column":35},"end":{"line":84,"column":39}}],"line":84},"9":{"loc":{"start":{"line":84,"column":41},"end":{"line":84,"column":56}},"type":"binary-expr","locations":[{"start":{"line":84,"column":41},"end":{"line":84,"column":48}},{"start":{"line":84,"column":52},"end":{"line":84,"column":56}}],"line":84},"10":{"loc":{"start":{"line":87,"column":6},"end":{"line":89,"column":7}},"type":"if","locations":[{"start":{"line":87,"column":6},"end":{"line":89,"column":7}},{"start":{},"end":{}}],"line":87},"11":{"loc":{"start":{"line":102,"column":16},"end":{"line":102,"column":34}},"type":"default-arg","locations":[{"start":{"line":102,"column":25},"end":{"line":102,"column":34}}],"line":102},"12":{"loc":{"start":{"line":128,"column":18},"end":{"line":128,"column":76}},"type":"cond-expr","locations":[{"start":{"line":128,"column":41},"end":{"line":128,"column":55}},{"start":{"line":128,"column":58},"end":{"line":128,"column":76}}],"line":128},"13":{"loc":{"start":{"line":132,"column":8},"end":{"line":134,"column":9}},"type":"if","locations":[{"start":{"line":132,"column":8},"end":{"line":134,"column":9}},{"start":{},"end":{}}],"line":132}},"s":{"0":9,"1":9,"2":9,"3":9,"4":8,"5":8,"6":8,"7":8,"8":8,"9":8,"10":1,"11":8,"12":1,"13":8,"14":8,"15":6,"16":1,"17":5,"18":2,"19":2,"20":9,"21":5,"22":5,"23":5,"24":5,"25":5,"26":4,"27":1,"28":3,"29":1,"30":1,"31":9,"32":5,"33":5,"34":5,"35":5,"36":5,"37":4,"38":2,"39":2,"40":1,"41":1,"42":9},"f":{"0":8,"1":5,"2":5},"b":{"0":[4],"1":[4],"2":[6,2],"3":[1,7],"4":[1,7],"5":[1,7],"6":[1,7],"7":[1,5],"8":[5,4],"9":[5,4],"10":[1,3],"11":[4],"12":[4,1],"13":[2,2]},"_coverageSchema":"1a1c01bbd47fc00a2c39e90264f33305004495a9","hash":"23ce837e052cc72d82edf87b7db73f202e8003d7"}
,"/home/hansonsks/Work/cis4500/movie-industry-analysis/server/routes/users.js": {"path":"/home/hansonsks/Work/cis4500/movie-industry-analysis/server/routes/users.js","statementMap":{"0":{"start":{"line":1,"column":16},"end":{"line":1,"column":34}},"1":{"start":{"line":2,"column":15},"end":{"line":2,"column":31}},"2":{"start":{"line":3,"column":13},"end":{"line":3,"column":40}},"3":{"start":{"line":4,"column":30},"end":{"line":4,"column":59}},"4":{"start":{"line":7,"column":0},"end":{"line":45,"column":3}},"5":{"start":{"line":8,"column":2},"end":{"line":44,"column":3}},"6":{"start":{"line":9,"column":19},"end":{"line":9,"column":34}},"7":{"start":{"line":11,"column":22},"end":{"line":14,"column":5}},"8":{"start":{"line":16,"column":4},"end":{"line":18,"column":5}},"9":{"start":{"line":17,"column":6},"end":{"line":17,"column":63}},"10":{"start":{"line":21,"column":27},"end":{"line":29,"column":5}},"11":{"start":{"line":31,"column":17},"end":{"line":31,"column":34}},"12":{"start":{"line":33,"column":4},"end":{"line":40,"column":7}},"13":{"start":{"line":42,"column":4},"end":{"line":42,"column":23}},"14":{"start":{"line":43,"column":4},"end":{"line":43,"column":52}},"15":{"start":{"line":48,"column":0},"end":{"line":75,"column":3}},"16":{"start":{"line":49,"column":2},"end":{"line":74,"column":3}},"17":{"start":{"line":50,"column":19},"end":{"line":50,"column":34}},"18":{"start":{"line":51,"column":28},"end":{"line":51,"column":36}},"19":{"start":{"line":53,"column":19},"end":{"line":56,"column":5}},"20":{"start":{"line":58,"column":4},"end":{"line":60,"column":5}},"21":{"start":{"line":59,"column":6},"end":{"line":59,"column":63}},"22":{"start":{"line":62,"column":17},"end":{"line":62,"column":31}},"23":{"start":{"line":64,"column":4},"end":{"line":70,"column":7}},"24":{"start":{"line":72,"column":4},"end":{"line":72,"column":23}},"25":{"start":{"line":73,"column":4},"end":{"line":73,"column":52}},"26":{"start":{"line":78,"column":0},"end":{"line":115,"column":3}},"27":{"start":{"line":79,"column":2},"end":{"line":114,"column":3}},"28":{"start":{"line":80,"column":19},"end":{"line":80,"column":34}},"29":{"start":{"line":81,"column":21},"end":{"line":81,"column":31}},"30":{"start":{"line":82,"column":23},"end":{"line":82,"column":31}},"31":{"start":{"line":84,"column":4},"end":{"line":86,"column":5}},"32":{"start":{"line":85,"column":6},"end":{"line":85,"column":70}},"33":{"start":{"line":89,"column":21},"end":{"line":89,"column":38}},"34":{"start":{"line":92,"column":26},"end":{"line":95,"column":5}},"35":{"start":{"line":97,"column":4},"end":{"line":99,"column":5}},"36":{"start":{"line":98,"column":6},"end":{"line":98,"column":84}},"37":{"start":{"line":102,"column":19},"end":{"line":105,"column":5}},"38":{"start":{"line":107,"column":4},"end":{"line":110,"column":7}},"39":{"start":{"line":112,"column":4},"end":{"line":112,"column":23}},"40":{"start":{"line":113,"column":4},"end":{"line":113,"column":52}},"41":{"start":{"line":118,"column":0},"end":{"line":225,"column":3}},"42":{"start":{"line":119,"column":2},"end":{"line":224,"column":3}},"43":{"start":{"line":120,"column":19},"end":{"line":120,"column":34}},"44":{"start":{"line":121,"column":21},"end":{"line":121,"column":30}},"45":{"start":{"line":123,"column":4},"end":{"line":220,"column":5}},"46":{"start":{"line":125,"column":23},"end":{"line":125,"column":40}},"47":{"start":{"line":129,"column":6},"end":{"line":166,"column":7}},"48":{"start":{"line":131,"column":8},"end":{"line":140,"column":10}},"49":{"start":{"line":141,"column":13},"end":{"line":166,"column":7}},"50":{"start":{"line":143,"column":8},"end":{"line":152,"column":10}},"51":{"start":{"line":153,"column":13},"end":{"line":166,"column":7}},"52":{"start":{"line":155,"column":8},"end":{"line":165,"column":10}},"53":{"start":{"line":168,"column":21},"end":{"line":168,"column":64}},"54":{"start":{"line":170,"column":6},"end":{"line":172,"column":9}},"55":{"start":{"line":175,"column":26},"end":{"line":184,"column":7}},"56":{"start":{"line":186,"column":29},"end":{"line":195,"column":7}},"57":{"start":{"line":197,"column":25},"end":{"line":207,"column":7}},"58":{"start":{"line":209,"column":59},"end":{"line":213,"column":8}},"59":{"start":{"line":215,"column":6},"end":{"line":219,"column":9}},"60":{"start":{"line":222,"column":4},"end":{"line":222,"column":23}},"61":{"start":{"line":223,"column":4},"end":{"line":223,"column":52}},"62":{"start":{"line":228,"column":0},"end":{"line":247,"column":3}},"63":{"start":{"line":229,"column":2},"end":{"line":246,"column":3}},"64":{"start":{"line":230,"column":19},"end":{"line":230,"column":34}},"65":{"start":{"line":231,"column":27},"end":{"line":231,"column":37}},"66":{"start":{"line":233,"column":19},"end":{"line":236,"column":5}},"67":{"start":{"line":238,"column":4},"end":{"line":240,"column":5}},"68":{"start":{"line":239,"column":6},"end":{"line":239,"column":67}},"69":{"start":{"line":242,"column":4},"end":{"line":242,"column":59}},"70":{"start":{"line":244,"column":4},"end":{"line":244,"column":23}},"71":{"start":{"line":245,"column":4},"end":{"line":245,"column":52}},"72":{"start":{"line":249,"column":0},"end":{"line":249,"column":24}}},"fnMap":{"0":{"name":"(anonymous_0)","decl":{"start":{"line":7,"column":42},"end":{"line":7,"column":43}},"loc":{"start":{"line":7,"column":62},"end":{"line":45,"column":1}},"line":7},"1":{"name":"(anonymous_1)","decl":{"start":{"line":48,"column":42},"end":{"line":48,"column":43}},"loc":{"start":{"line":48,"column":62},"end":{"line":75,"column":1}},"line":48},"2":{"name":"(anonymous_2)","decl":{"start":{"line":78,"column":51},"end":{"line":78,"column":52}},"loc":{"start":{"line":78,"column":71},"end":{"line":115,"column":1}},"line":78},"3":{"name":"(anonymous_3)","decl":{"start":{"line":118,"column":44},"end":{"line":118,"column":45}},"loc":{"start":{"line":118,"column":64},"end":{"line":225,"column":1}},"line":118},"4":{"name":"(anonymous_4)","decl":{"start":{"line":228,"column":59},"end":{"line":228,"column":60}},"loc":{"start":{"line":228,"column":79},"end":{"line":247,"column":1}},"line":228}},"branchMap":{"0":{"loc":{"start":{"line":16,"column":4},"end":{"line":18,"column":5}},"type":"if","locations":[{"start":{"line":16,"column":4},"end":{"line":18,"column":5}},{"start":{},"end":{}}],"line":16},"1":{"loc":{"start":{"line":58,"column":4},"end":{"line":60,"column":5}},"type":"if","locations":[{"start":{"line":58,"column":4},"end":{"line":60,"column":5}},{"start":{},"end":{}}],"line":58},"2":{"loc":{"start":{"line":84,"column":4},"end":{"line":86,"column":5}},"type":"if","locations":[{"start":{"line":84,"column":4},"end":{"line":86,"column":5}},{"start":{},"end":{}}],"line":84},"3":{"loc":{"start":{"line":97,"column":4},"end":{"line":99,"column":5}},"type":"if","locations":[{"start":{"line":97,"column":4},"end":{"line":99,"column":5}},{"start":{},"end":{}}],"line":97},"4":{"loc":{"start":{"line":123,"column":4},"end":{"line":220,"column":5}},"type":"if","locations":[{"start":{"line":123,"column":4},"end":{"line":220,"column":5}},{"start":{"line":173,"column":11},"end":{"line":220,"column":5}}],"line":123},"5":{"loc":{"start":{"line":129,"column":6},"end":{"line":166,"column":7}},"type":"if","locations":[{"start":{"line":129,"column":6},"end":{"line":166,"column":7}},{"start":{"line":141,"column":13},"end":{"line":166,"column":7}}],"line":129},"6":{"loc":{"start":{"line":141,"column":13},"end":{"line":166,"column":7}},"type":"if","locations":[{"start":{"line":141,"column":13},"end":{"line":166,"column":7}},{"start":{"line":153,"column":13},"end":{"line":166,"column":7}}],"line":141},"7":{"loc":{"start":{"line":153,"column":13},"end":{"line":166,"column":7}},"type":"if","locations":[{"start":{"line":153,"column":13},"end":{"line":166,"column":7}},{"start":{},"end":{}}],"line":153},"8":{"loc":{"start":{"line":238,"column":4},"end":{"line":240,"column":5}},"type":"if","locations":[{"start":{"line":238,"column":4},"end":{"line":240,"column":5}},{"start":{},"end":{}}],"line":238}},"s":{"0":9,"1":9,"2":9,"3":9,"4":9,"5":2,"6":2,"7":2,"8":2,"9":1,"10":1,"11":1,"12":1,"13":0,"14":0,"15":9,"16":2,"17":2,"18":2,"19":2,"20":2,"21":1,"22":1,"23":1,"24":0,"25":0,"26":9,"27":3,"28":3,"29":3,"30":3,"31":3,"32":1,"33":2,"34":2,"35":2,"36":1,"37":1,"38":1,"39":0,"40":0,"41":9,"42":2,"43":2,"44":2,"45":2,"46":1,"47":1,"48":1,"49":0,"50":0,"51":0,"52":0,"53":1,"54":1,"55":1,"56":1,"57":1,"58":1,"59":1,"60":0,"61":0,"62":9,"63":2,"64":2,"65":2,"66":2,"67":2,"68":1,"69":1,"70":0,"71":0,"72":9},"f":{"0":2,"1":2,"2":3,"3":2,"4":2},"b":{"0":[1,1],"1":[1,1],"2":[1,2],"3":[1,1],"4":[1,1],"5":[1,0],"6":[0,0],"7":[0,0],"8":[1,1]},"_coverageSchema":"1a1c01bbd47fc00a2c39e90264f33305004495a9","hash":"76ee685560be7021a164f918bdac035596616928"}
}
