TN:
SF:server/config.js
FNF:0
FNH:0
DA:1,8
DA:2,8
DA:3,8
DA:4,8
DA:5,8
DA:6,8
DA:7,8
DA:8,8
DA:9,8
DA:11,8
LF:10
LH:10
BRDA:23,0,0,8
BRDA:23,0,1,3
BRDA:26,1,0,8
BRDA:26,1,1,3
BRDA:27,2,0,8
BRDA:27,2,1,3
BRF:6
BRH:6
end_of_record
TN:
SF:server/server.js
FN:34,(anonymous_0)
FN:39,(anonymous_1)
FN:49,(anonymous_2)
FNF:3
FNH:0
FNDA:0,(anonymous_0)
FNDA:0,(anonymous_1)
FNDA:0,(anonymous_2)
DA:1,9
DA:2,9
DA:3,9
DA:4,9
DA:7,9
DA:10,9
DA:11,9
DA:14,9
DA:15,9
DA:16,9
DA:17,9
DA:18,9
DA:19,9
DA:20,9
DA:21,9
DA:24,9
DA:25,9
DA:26,9
DA:27,9
DA:28,9
DA:29,9
DA:30,9
DA:31,9
DA:34,9
DA:35,0
DA:39,9
DA:40,0
DA:41,0
DA:44,9
DA:47,9
DA:48,0
DA:49,0
DA:50,0
LF:33
LH:27
BRDA:47,0,0,0
BRDA:47,0,1,9
BRDA:48,1,0,0
BRDA:48,1,1,0
BRF:4
BRH:1
end_of_record
TN:
SF:server/database/pool.js
FN:6,(anonymous_0)
FNF:1
FNH:1
FNDA:1,(anonymous_0)
DA:1,5
DA:2,5
DA:4,5
DA:6,5
DA:7,1
DA:8,1
DA:11,5
LF:7
LH:7
BRF:0
BRH:0
end_of_record
TN:
SF:server/middleware/auth.js
FN:7,(anonymous_0)
FNF:1
FNH:1
FNDA:18,(anonymous_0)
DA:1,10
DA:2,10
DA:3,10
DA:4,10
DA:7,10
DA:8,18
DA:9,18
DA:11,18
DA:12,4
DA:15,14
DA:16,14
DA:17,12
DA:18,12
DA:20,2
DA:24,10
LF:15
LH:15
BRDA:9,0,0,18
BRDA:9,0,1,15
BRDA:11,1,0,4
BRDA:11,1,1,14
BRF:4
BRH:4
end_of_record
TN:
SF:server/routes/actors.js
FN:6,(anonymous_0)
FN:62,(anonymous_1)
FN:117,(anonymous_2)
FN:124,(anonymous_3)
FN:132,(anonymous_4)
FNF:5
FNH:5
FNDA:6,(anonymous_0)
FNDA:3,(anonymous_1)
FNDA:2,(anonymous_2)
FNDA:3,(anonymous_3)
FNDA:4,(anonymous_4)
DA:1,9
DA:2,9
DA:3,9
DA:6,9
DA:7,6
DA:8,6
DA:11,6
DA:16,6
DA:18,6
DA:22,6
DA:23,3
DA:29,3
DA:30,1
DA:36,2
DA:37,1
DA:44,1
DA:47,5
DA:49,5
DA:56,0
DA:57,0
DA:62,9
DA:63,3
DA:64,3
DA:67,3
DA:72,3
DA:74,3
DA:87,3
DA:88,3
DA:90,3
DA:91,2
DA:92,2
DA:95,3
DA:100,3
DA:102,3
DA:104,3
DA:111,0
DA:112,0
DA:117,9
DA:118,2
DA:119,2
DA:124,3
DA:126,1
DA:127,1
DA:132,9
DA:133,4
DA:134,4
DA:135,4
DA:190,4
DA:191,3
DA:192,2
DA:194,1
DA:196,1
DA:197,1
DA:201,9
LF:54
LH:50
BRDA:8,0,0,1
BRDA:8,1,0,4
BRDA:8,2,0,6
BRDA:11,3,0,6
BRDA:11,3,1,0
BRDA:16,4,0,6
BRDA:16,4,1,1
BRDA:22,5,0,3
BRDA:22,5,1,3
BRDA:29,6,0,1
BRDA:29,6,1,2
BRDA:36,7,0,1
BRDA:36,7,1,1
BRDA:64,8,0,2
BRDA:64,9,0,3
BRDA:67,10,0,3
BRDA:67,10,1,0
BRDA:72,11,0,3
BRDA:72,11,1,0
BRDA:90,12,0,2
BRDA:90,12,1,1
BRDA:107,13,0,3
BRDA:107,13,1,1
BRDA:191,14,0,2
BRDA:191,14,1,1
BRF:25
BRH:22
end_of_record
TN:
SF:server/routes/auth.js
FN:15,(anonymous_0)
FN:70,(anonymous_1)
FN:123,(anonymous_2)
FNF:3
FNH:3
FNDA:3,(anonymous_0)
FNDA:4,(anonymous_1)
FNDA:1,(anonymous_2)
DA:1,9
DA:2,9
DA:3,9
DA:4,9
DA:5,9
DA:6,9
DA:7,9
DA:10,9
DA:17,3
DA:18,3
DA:19,1
DA:22,2
DA:24,2
DA:26,2
DA:31,2
DA:32,1
DA:36,1
DA:37,1
DA:40,1
DA:45,1
DA:48,1
DA:54,1
DA:61,0
DA:62,0
DA:67,9
DA:71,4
DA:72,4
DA:73,0
DA:76,4
DA:78,4
DA:80,4
DA:81,4
DA:85,4
DA:87,4
DA:88,1
DA:91,3
DA:94,3
DA:95,3
DA:96,1
DA:100,2
DA:104,2
DA:110,2
DA:117,0
DA:118,0
DA:123,9
DA:125,1
DA:128,9
LF:47
LH:42
BRDA:18,0,0,1
BRDA:18,0,1,2
BRDA:31,1,0,1
BRDA:31,1,1,1
BRDA:72,2,0,0
BRDA:72,2,1,4
BRDA:81,3,0,1
BRDA:81,3,1,3
BRDA:87,4,0,1
BRDA:87,4,1,3
BRDA:95,5,0,1
BRDA:95,5,1,2
BRF:12
BRH:11
end_of_record
TN:
SF:server/routes/awards.js
FN:6,(anonymous_0)
FN:54,(anonymous_1)
FN:94,(anonymous_2)
FN:149,(anonymous_3)
FNF:4
FNH:4
FNDA:5,(anonymous_0)
FNDA:5,(anonymous_1)
FNDA:5,(anonymous_2)
FNDA:5,(anonymous_3)
DA:1,9
DA:2,9
DA:3,9
DA:6,9
DA:7,5
DA:8,5
DA:10,5
DA:37,5
DA:39,4
DA:40,2
DA:43,2
DA:48,1
DA:49,1
DA:54,9
DA:55,5
DA:56,5
DA:58,5
DA:59,1
DA:62,4
DA:78,4
DA:80,4
DA:81,1
DA:84,2
DA:89,1
DA:90,1
DA:94,9
DA:95,5
DA:96,5
DA:98,5
DA:133,5
DA:135,4
DA:136,1
DA:139,1
DA:143,3
DA:144,3
DA:149,9
DA:150,5
DA:151,5
DA:152,5
DA:153,5
DA:154,5
DA:157,5
DA:193,5
DA:195,4
DA:196,1
DA:199,1
DA:203,3
DA:204,3
DA:208,9
LF:49
LH:49
BRDA:39,0,0,2
BRDA:39,0,1,2
BRDA:56,1,0,3
BRDA:58,2,0,1
BRDA:58,2,1,4
BRDA:80,3,0,1
BRDA:80,3,1,2
BRDA:135,4,0,1
BRDA:135,4,1,1
BRDA:195,5,0,1
BRDA:195,5,1,1
BRF:11
BRH:11
end_of_record
TN:
SF:server/routes/dashboard.js
FN:6,(anonymous_0)
FN:95,(anonymous_1)
FNF:2
FNH:2
FNDA:2,(anonymous_0)
FNDA:1,(anonymous_1)
DA:1,9
DA:2,9
DA:3,9
DA:6,9
DA:7,2
DA:9,2
DA:27,2
DA:41,2
DA:53,2
DA:87,2
DA:95,1
DA:96,1
DA:112,1
DA:113,1
DA:120,1
DA:123,1
DA:130,1
DA:131,1
DA:135,9
LF:19
LH:19
BRF:0
BRH:0
end_of_record
TN:
SF:server/routes/directors.js
FN:6,(anonymous_0)
FN:72,(anonymous_1)
FN:119,(anonymous_2)
FN:193,(anonymous_3)
FN:196,(anonymous_4)
FN:199,(anonymous_5)
FNF:6
FNH:6
FNDA:6,(anonymous_0)
FNDA:3,(anonymous_1)
FNDA:6,(anonymous_2)
FNDA:5,(anonymous_3)
FNDA:3,(anonymous_4)
FNDA:5,(anonymous_5)
DA:1,9
DA:2,9
DA:3,9
DA:6,9
DA:7,6
DA:8,6
DA:11,6
DA:16,6
DA:18,6
DA:22,6
DA:23,3
DA:32,3
DA:33,1
DA:42,2
DA:43,1
DA:54,1
DA:57,5
DA:59,5
DA:66,0
DA:67,0
DA:72,9
DA:73,3
DA:74,3
DA:77,3
DA:82,3
DA:84,3
DA:101,3
DA:102,3
DA:104,3
DA:106,3
DA:113,0
DA:114,0
DA:119,9
DA:120,6
DA:121,6
DA:122,6
DA:124,6
DA:182,6
DA:184,5
DA:185,2
DA:189,3
DA:192,3
DA:193,5
DA:196,3
DA:197,3
DA:199,5
DA:204,3
DA:206,1
DA:207,1
DA:211,9
LF:50
LH:46
BRDA:8,0,0,1
BRDA:8,1,0,5
BRDA:8,2,0,4
BRDA:11,3,0,5
BRDA:11,3,1,1
BRDA:16,4,0,6
BRDA:16,4,1,0
BRDA:22,5,0,3
BRDA:22,5,1,3
BRDA:32,6,0,1
BRDA:32,6,1,2
BRDA:42,7,0,1
BRDA:42,7,1,1
BRDA:74,8,0,2
BRDA:74,9,0,3
BRDA:77,10,0,3
BRDA:77,10,1,0
BRDA:82,11,0,3
BRDA:82,11,1,0
BRDA:96,12,0,2
BRDA:96,12,1,1
BRDA:102,13,0,2
BRDA:102,13,1,1
BRDA:109,14,0,3
BRDA:109,14,1,1
BRDA:184,15,0,2
BRDA:184,15,1,3
BRDA:192,16,0,3
BRDA:192,16,1,0
BRDA:193,17,0,5
BRDA:193,17,1,4
BRDA:197,18,0,3
BRDA:197,18,1,0
BRF:33
BRH:28
end_of_record
TN:
SF:server/routes/films.js
FN:6,(anonymous_0)
FN:99,(anonymous_1)
FN:199,(anonymous_2)
FN:241,(anonymous_3)
FNF:4
FNH:4
FNDA:2,(anonymous_0)
FNDA:7,(anonymous_1)
FNDA:1,(anonymous_2)
FNDA:7,(anonymous_3)
DA:1,9
DA:2,9
DA:3,9
DA:6,9
DA:7,2
DA:8,2
DA:9,2
DA:87,2
DA:88,2
DA:89,1
DA:91,1
DA:93,0
DA:94,0
DA:99,9
DA:100,7
DA:101,7
DA:102,7
DA:104,7
DA:107,7
DA:110,7
DA:111,1
DA:113,1
DA:115,0
DA:116,0
DA:117,0
DA:123,7
DA:124,7
DA:126,7
DA:130,7
DA:135,7
DA:141,7
DA:143,7
DA:145,1
DA:153,6
DA:156,6
DA:180,6
DA:183,6
DA:192,0
DA:193,0
DA:199,9
DA:200,1
DA:201,1
DA:202,1
DA:203,1
DA:230,1
DA:231,1
DA:232,0
DA:234,1
DA:236,0
DA:237,0
DA:241,9
DA:242,7
DA:243,7
DA:246,7
DA:248,7
DA:250,7
DA:317,7
DA:319,6
DA:320,1
DA:321,1
DA:325,5
DA:326,5
DA:329,5
DA:330,5
DA:331,5
DA:334,5
DA:337,3
DA:340,5
DA:342,1
DA:343,1
DA:347,9
LF:71
LH:61
BRDA:8,0,0,1
BRDA:8,1,0,1
BRDA:8,2,0,1
BRDA:88,3,0,1
BRDA:88,3,1,1
BRDA:102,4,0,5
BRDA:102,5,0,5
BRDA:110,6,0,1
BRDA:110,6,1,6
BRDA:111,7,0,1
BRDA:111,7,1,0
BRDA:116,8,0,0
BRDA:116,8,1,0
BRDA:116,9,0,0
BRDA:116,9,1,0
BRDA:126,10,0,6
BRDA:126,10,1,1
BRDA:130,11,0,6
BRDA:130,11,1,1
BRDA:143,12,0,1
BRDA:143,12,1,6
BRDA:174,13,0,5
BRDA:174,13,1,1
BRDA:175,14,0,0
BRDA:175,14,1,5
BRDA:176,15,0,1
BRDA:176,15,1,0
BRDA:202,16,0,1
BRDA:231,17,0,0
BRDA:231,17,1,1
BRDA:319,18,0,1
BRDA:319,18,1,5
BRDA:329,19,0,5
BRDA:329,19,1,4
BRDA:330,20,0,5
BRDA:330,20,1,3
BRDA:331,21,0,5
BRDA:331,21,1,3
BRDA:334,22,0,3
BRDA:334,22,1,2
BRDA:334,23,0,5
BRDA:334,23,1,3
BRDA:334,23,2,3
BRF:43
BRH:35
end_of_record
TN:
SF:server/routes/genres.js
FN:6,(anonymous_0)
FN:57,(anonymous_1)
FN:99,(anonymous_2)
FNF:3
FNH:3
FNDA:8,(anonymous_0)
FNDA:5,(anonymous_1)
FNDA:5,(anonymous_2)
DA:1,9
DA:2,9
DA:3,9
DA:6,9
DA:7,8
DA:8,8
DA:10,8
DA:12,8
DA:39,8
DA:40,8
DA:41,8
DA:42,8
DA:44,8
DA:45,6
DA:46,1
DA:48,5
DA:50,2
DA:51,2
DA:57,9
DA:58,5
DA:59,5
DA:61,5
DA:84,5
DA:85,5
DA:87,4
DA:88,1
DA:90,3
DA:92,1
DA:93,1
DA:99,9
DA:100,5
DA:101,5
DA:102,5
DA:104,5
DA:131,5
DA:132,4
DA:133,2
DA:135,2
DA:137,1
DA:138,1
DA:142,9
LF:41
LH:41
BRDA:8,0,0,4
BRDA:8,1,0,4
BRDA:10,2,0,6
BRDA:10,2,1,2
BRDA:23,3,0,1
BRDA:23,3,1,7
BRDA:24,4,0,1
BRDA:24,4,1,7
BRDA:40,5,0,1
BRDA:40,5,1,7
BRDA:41,6,0,1
BRDA:41,6,1,7
BRDA:45,7,0,1
BRDA:45,7,1,5
BRDA:84,8,0,5
BRDA:84,8,1,4
BRDA:84,9,0,5
BRDA:84,9,1,4
BRDA:87,10,0,1
BRDA:87,10,1,3
BRDA:102,11,0,4
BRDA:128,12,0,4
BRDA:128,12,1,1
BRDA:132,13,0,2
BRDA:132,13,1,2
BRF:25
BRH:25
end_of_record
TN:
SF:server/routes/users.js
FN:7,(anonymous_0)
FN:48,(anonymous_1)
FN:78,(anonymous_2)
FN:118,(anonymous_3)
FN:228,(anonymous_4)
FNF:5
FNH:5
FNDA:2,(anonymous_0)
FNDA:2,(anonymous_1)
FNDA:3,(anonymous_2)
FNDA:2,(anonymous_3)
FNDA:2,(anonymous_4)
DA:1,9
DA:2,9
DA:3,9
DA:4,9
DA:7,9
DA:8,2
DA:9,2
DA:11,2
DA:16,2
DA:17,1
DA:21,1
DA:31,1
DA:33,1
DA:42,0
DA:43,0
DA:48,9
DA:49,2
DA:50,2
DA:51,2
DA:53,2
DA:58,2
DA:59,1
DA:62,1
DA:64,1
DA:72,0
DA:73,0
DA:78,9
DA:79,3
DA:80,3
DA:81,3
DA:82,3
DA:84,3
DA:85,1
DA:89,2
DA:92,2
DA:97,2
DA:98,1
DA:102,1
DA:107,1
DA:112,0
DA:113,0
DA:118,9
DA:119,2
DA:120,2
DA:121,2
DA:123,2
DA:125,1
DA:129,1
DA:131,1
DA:141,0
DA:143,0
DA:153,0
DA:155,0
DA:168,1
DA:170,1
DA:175,1
DA:186,1
DA:197,1
DA:209,1
DA:215,1
DA:222,0
DA:223,0
DA:228,9
DA:229,2
DA:230,2
DA:231,2
DA:233,2
DA:238,2
DA:239,1
DA:242,1
DA:244,0
DA:245,0
DA:249,9
LF:73
LH:59
BRDA:16,0,0,1
BRDA:16,0,1,1
BRDA:58,1,0,1
BRDA:58,1,1,1
BRDA:84,2,0,1
BRDA:84,2,1,2
BRDA:97,3,0,1
BRDA:97,3,1,1
BRDA:123,4,0,1
BRDA:123,4,1,1
BRDA:129,5,0,1
BRDA:129,5,1,0
BRDA:141,6,0,0
BRDA:141,6,1,0
BRDA:153,7,0,0
BRDA:153,7,1,0
BRDA:238,8,0,1
BRDA:238,8,1,1
BRF:18
BRH:13
end_of_record
