TN:
SF:server/config.js
FNF:0
FNH:0
DA:1,0
DA:2,0
DA:3,0
DA:4,0
DA:5,0
DA:6,0
DA:7,0
DA:8,0
DA:9,0
DA:11,0
LF:10
LH:0
BRDA:23,0,0,0
BRDA:23,0,1,0
BRDA:26,1,0,0
BRDA:26,1,1,0
BRDA:27,2,0,0
BRDA:27,2,1,0
BRF:6
BRH:0
end_of_record
TN:
SF:server/server.js
FN:34,(anonymous_0)
FN:39,(anonymous_1)
FN:49,(anonymous_2)
FNF:3
FNH:1
FNDA:1,(anonymous_0)
FNDA:0,(anonymous_1)
FNDA:0,(anonymous_2)
DA:1,4
DA:2,4
DA:3,4
DA:4,4
DA:7,4
DA:10,4
DA:11,4
DA:14,4
DA:15,4
DA:16,4
DA:17,4
DA:18,4
DA:19,4
DA:20,4
DA:21,4
DA:24,4
DA:25,4
DA:26,4
DA:27,4
DA:28,4
DA:29,4
DA:30,4
DA:31,4
DA:34,4
DA:35,1
DA:39,4
DA:40,0
DA:41,0
DA:44,4
DA:47,4
DA:48,0
DA:49,0
DA:50,0
LF:33
LH:28
BRDA:47,0,0,0
BRDA:47,0,1,4
BRDA:48,1,0,0
BRDA:48,1,1,0
BRF:4
BRH:1
end_of_record
TN:
SF:server/database/pool.js
FN:6,(anonymous_0)
FNF:1
FNH:0
FNDA:0,(anonymous_0)
DA:1,2
DA:2,2
DA:4,2
DA:6,2
DA:7,0
DA:8,0
DA:11,2
LF:7
LH:5
BRF:0
BRH:0
end_of_record
TN:
SF:server/middleware/auth.js
FN:7,(anonymous_0)
FNF:1
FNH:1
FNDA:18,(anonymous_0)
DA:1,5
DA:2,5
DA:3,5
DA:4,5
DA:7,5
DA:8,18
DA:9,18
DA:11,18
DA:12,4
DA:15,14
DA:16,14
DA:17,12
DA:18,12
DA:20,2
DA:24,5
LF:15
LH:15
BRDA:9,0,0,18
BRDA:9,0,1,15
BRDA:11,1,0,4
BRDA:11,1,1,14
BRF:4
BRH:4
end_of_record
TN:
SF:server/routes/actors.js
FN:6,(anonymous_0)
FN:62,(anonymous_1)
FN:117,(anonymous_2)
FN:124,(anonymous_3)
FN:132,(anonymous_4)
FNF:5
FNH:3
FNDA:2,(anonymous_0)
FNDA:1,(anonymous_1)
FNDA:0,(anonymous_2)
FNDA:0,(anonymous_3)
FNDA:1,(anonymous_4)
DA:1,4
DA:2,4
DA:3,4
DA:6,4
DA:7,2
DA:8,2
DA:11,2
DA:16,2
DA:18,2
DA:22,2
DA:23,2
DA:29,0
DA:30,0
DA:36,0
DA:37,0
DA:44,0
DA:47,2
DA:49,2
DA:56,0
DA:57,0
DA:62,4
DA:63,1
DA:64,1
DA:67,1
DA:72,1
DA:74,1
DA:87,1
DA:88,1
DA:90,1
DA:91,1
DA:92,1
DA:95,1
DA:100,1
DA:102,1
DA:104,1
DA:111,0
DA:112,0
DA:117,4
DA:118,0
DA:119,0
DA:124,0
DA:126,0
DA:127,0
DA:132,4
DA:133,1
DA:134,1
DA:135,1
DA:190,1
DA:191,1
DA:192,1
DA:194,0
DA:196,0
DA:197,0
DA:201,4
LF:54
LH:37
BRDA:8,0,0,1
BRDA:8,1,0,1
BRDA:8,2,0,2
BRDA:11,3,0,2
BRDA:11,3,1,0
BRDA:16,4,0,2
BRDA:16,4,1,0
BRDA:22,5,0,2
BRDA:22,5,1,0
BRDA:29,6,0,0
BRDA:29,6,1,0
BRDA:36,7,0,0
BRDA:36,7,1,0
BRDA:64,8,0,0
BRDA:64,9,0,1
BRDA:67,10,0,1
BRDA:67,10,1,0
BRDA:72,11,0,1
BRDA:72,11,1,0
BRDA:90,12,0,1
BRDA:90,12,1,0
BRDA:107,13,0,1
BRDA:107,13,1,0
BRDA:191,14,0,1
BRDA:191,14,1,0
BRF:25
BRH:12
end_of_record
TN:
SF:server/routes/auth.js
FN:15,(anonymous_0)
FN:70,(anonymous_1)
FN:123,(anonymous_2)
FNF:3
FNH:3
FNDA:3,(anonymous_0)
FNDA:4,(anonymous_1)
FNDA:1,(anonymous_2)
DA:1,4
DA:2,4
DA:3,4
DA:4,4
DA:5,4
DA:6,4
DA:7,4
DA:10,4
DA:17,3
DA:18,3
DA:19,1
DA:22,2
DA:24,2
DA:26,2
DA:31,2
DA:32,1
DA:36,1
DA:37,1
DA:40,1
DA:45,1
DA:48,1
DA:54,1
DA:61,0
DA:62,0
DA:67,4
DA:71,4
DA:72,4
DA:73,0
DA:76,4
DA:78,4
DA:80,4
DA:81,4
DA:85,4
DA:87,4
DA:88,1
DA:91,3
DA:94,3
DA:95,3
DA:96,1
DA:100,2
DA:104,2
DA:110,2
DA:117,0
DA:118,0
DA:123,4
DA:125,1
DA:128,4
LF:47
LH:42
BRDA:18,0,0,1
BRDA:18,0,1,2
BRDA:31,1,0,1
BRDA:31,1,1,1
BRDA:72,2,0,0
BRDA:72,2,1,4
BRDA:81,3,0,1
BRDA:81,3,1,3
BRDA:87,4,0,1
BRDA:87,4,1,3
BRDA:95,5,0,1
BRDA:95,5,1,2
BRF:12
BRH:11
end_of_record
TN:
SF:server/routes/awards.js
FN:6,(anonymous_0)
FN:54,(anonymous_1)
FN:94,(anonymous_2)
FN:149,(anonymous_3)
FNF:4
FNH:1
FNDA:3,(anonymous_0)
FNDA:0,(anonymous_1)
FNDA:0,(anonymous_2)
FNDA:0,(anonymous_3)
DA:1,4
DA:2,4
DA:3,4
DA:6,4
DA:7,3
DA:8,3
DA:10,3
DA:37,3
DA:39,3
DA:40,1
DA:43,2
DA:48,0
DA:49,0
DA:54,4
DA:55,0
DA:56,0
DA:58,0
DA:59,0
DA:62,0
DA:78,0
DA:80,0
DA:81,0
DA:84,0
DA:89,0
DA:90,0
DA:94,4
DA:95,0
DA:96,0
DA:98,0
DA:133,0
DA:135,0
DA:136,0
DA:139,0
DA:143,0
DA:144,0
DA:149,4
DA:150,0
DA:151,0
DA:152,0
DA:153,0
DA:154,0
DA:157,0
DA:193,0
DA:195,0
DA:196,0
DA:199,0
DA:203,0
DA:204,0
DA:208,4
LF:49
LH:15
BRDA:39,0,0,1
BRDA:39,0,1,2
BRDA:56,1,0,0
BRDA:58,2,0,0
BRDA:58,2,1,0
BRDA:80,3,0,0
BRDA:80,3,1,0
BRDA:135,4,0,0
BRDA:135,4,1,0
BRDA:195,5,0,0
BRDA:195,5,1,0
BRF:11
BRH:2
end_of_record
TN:
SF:server/routes/dashboard.js
FN:6,(anonymous_0)
FN:95,(anonymous_1)
FNF:2
FNH:0
FNDA:0,(anonymous_0)
FNDA:0,(anonymous_1)
DA:1,4
DA:2,4
DA:3,4
DA:6,4
DA:7,0
DA:9,0
DA:27,0
DA:41,0
DA:53,0
DA:87,0
DA:95,0
DA:96,0
DA:112,0
DA:113,0
DA:120,0
DA:123,0
DA:130,0
DA:131,0
DA:135,4
LF:19
LH:5
BRF:0
BRH:0
end_of_record
TN:
SF:server/routes/directors.js
FN:6,(anonymous_0)
FN:72,(anonymous_1)
FN:119,(anonymous_2)
FN:193,(anonymous_3)
FN:196,(anonymous_4)
FN:199,(anonymous_5)
FNF:6
FNH:3
FNDA:2,(anonymous_0)
FNDA:1,(anonymous_1)
FNDA:1,(anonymous_2)
FNDA:0,(anonymous_3)
FNDA:0,(anonymous_4)
FNDA:0,(anonymous_5)
DA:1,4
DA:2,4
DA:3,4
DA:6,4
DA:7,2
DA:8,2
DA:11,2
DA:16,2
DA:18,2
DA:22,2
DA:23,2
DA:32,0
DA:33,0
DA:42,0
DA:43,0
DA:54,0
DA:57,2
DA:59,2
DA:66,0
DA:67,0
DA:72,4
DA:73,1
DA:74,1
DA:77,1
DA:82,1
DA:84,1
DA:101,1
DA:102,1
DA:104,1
DA:106,1
DA:113,0
DA:114,0
DA:119,4
DA:120,1
DA:121,1
DA:122,1
DA:124,1
DA:182,1
DA:184,1
DA:185,1
DA:189,0
DA:192,0
DA:193,0
DA:196,0
DA:197,0
DA:199,0
DA:204,0
DA:206,0
DA:207,0
DA:211,4
LF:50
LH:32
BRDA:8,0,0,1
BRDA:8,1,0,1
BRDA:8,2,0,2
BRDA:11,3,0,2
BRDA:11,3,1,0
BRDA:16,4,0,2
BRDA:16,4,1,0
BRDA:22,5,0,2
BRDA:22,5,1,0
BRDA:32,6,0,0
BRDA:32,6,1,0
BRDA:42,7,0,0
BRDA:42,7,1,0
BRDA:74,8,0,0
BRDA:74,9,0,1
BRDA:77,10,0,1
BRDA:77,10,1,0
BRDA:82,11,0,1
BRDA:82,11,1,0
BRDA:96,12,0,1
BRDA:96,12,1,0
BRDA:102,13,0,1
BRDA:102,13,1,0
BRDA:109,14,0,1
BRDA:109,14,1,0
BRDA:184,15,0,1
BRDA:184,15,1,0
BRDA:192,16,0,0
BRDA:192,16,1,0
BRDA:193,17,0,0
BRDA:193,17,1,0
BRDA:197,18,0,0
BRDA:197,18,1,0
BRF:33
BRH:13
end_of_record
TN:
SF:server/routes/films.js
FN:6,(anonymous_0)
FN:99,(anonymous_1)
FN:185,(anonymous_2)
FN:227,(anonymous_3)
FNF:4
FNH:3
FNDA:3,(anonymous_0)
FNDA:2,(anonymous_1)
FNDA:1,(anonymous_2)
FNDA:0,(anonymous_3)
DA:1,4
DA:2,4
DA:3,4
DA:6,4
DA:7,3
DA:8,3
DA:9,3
DA:87,3
DA:88,3
DA:89,1
DA:91,2
DA:93,0
DA:94,0
DA:99,4
DA:100,2
DA:101,2
DA:102,2
DA:105,2
DA:108,2
DA:109,0
DA:111,0
DA:113,0
DA:114,0
DA:115,0
DA:121,2
DA:122,2
DA:124,2
DA:128,2
DA:133,2
DA:155,2
DA:156,2
DA:157,0
DA:158,0
DA:162,2
DA:165,2
DA:167,2
DA:168,1
DA:171,1
DA:179,0
DA:180,0
DA:185,4
DA:186,1
DA:187,1
DA:188,1
DA:189,1
DA:216,1
DA:217,1
DA:218,0
DA:220,1
DA:222,0
DA:223,0
DA:227,4
DA:228,0
DA:229,0
DA:232,0
DA:234,0
DA:236,0
DA:303,0
DA:305,0
DA:306,0
DA:307,0
DA:311,0
DA:312,0
DA:315,0
DA:316,0
DA:317,0
DA:320,0
DA:323,0
DA:326,0
DA:328,0
DA:329,0
DA:333,4
LF:72
LH:39
BRDA:8,0,0,2
BRDA:8,1,0,2
BRDA:8,2,0,2
BRDA:88,3,0,1
BRDA:88,3,1,2
BRDA:102,4,0,2
BRDA:102,5,0,2
BRDA:108,6,0,0
BRDA:108,6,1,2
BRDA:109,7,0,0
BRDA:109,7,1,0
BRDA:114,8,0,0
BRDA:114,8,1,0
BRDA:114,9,0,0
BRDA:114,9,1,0
BRDA:124,10,0,2
BRDA:124,10,1,0
BRDA:128,11,0,2
BRDA:128,11,1,0
BRDA:155,12,0,2
BRDA:155,12,1,0
BRDA:156,13,0,0
BRDA:156,13,1,2
BRDA:157,14,0,0
BRDA:157,14,1,0
BRDA:158,15,0,0
BRDA:158,15,1,0
BRDA:167,16,0,1
BRDA:167,16,1,1
BRDA:188,17,0,1
BRDA:217,18,0,0
BRDA:217,18,1,1
BRDA:305,19,0,0
BRDA:305,19,1,0
BRDA:315,20,0,0
BRDA:315,20,1,0
BRDA:316,21,0,0
BRDA:316,21,1,0
BRDA:317,22,0,0
BRDA:317,22,1,0
BRDA:320,23,0,0
BRDA:320,23,1,0
BRDA:320,24,0,0
BRDA:320,24,1,0
BRDA:320,24,2,0
BRF:45
BRH:16
end_of_record
TN:
SF:server/routes/genres.js
FN:6,(anonymous_0)
FN:57,(anonymous_1)
FN:99,(anonymous_2)
FNF:3
FNH:3
FNDA:4,(anonymous_0)
FNDA:1,(anonymous_1)
FNDA:1,(anonymous_2)
DA:1,4
DA:2,4
DA:3,4
DA:6,4
DA:7,4
DA:8,4
DA:10,4
DA:12,4
DA:39,4
DA:40,4
DA:41,4
DA:42,4
DA:44,4
DA:45,3
DA:46,0
DA:48,3
DA:50,1
DA:51,1
DA:57,4
DA:58,1
DA:59,1
DA:61,1
DA:84,1
DA:85,1
DA:87,1
DA:88,0
DA:90,1
DA:92,0
DA:93,0
DA:99,4
DA:100,1
DA:101,1
DA:102,1
DA:104,1
DA:131,1
DA:132,1
DA:133,1
DA:135,0
DA:137,0
DA:138,0
DA:142,4
LF:41
LH:34
BRDA:8,0,0,2
BRDA:8,1,0,2
BRDA:10,2,0,3
BRDA:10,2,1,1
BRDA:23,3,0,0
BRDA:23,3,1,4
BRDA:24,4,0,0
BRDA:24,4,1,4
BRDA:40,5,0,0
BRDA:40,5,1,4
BRDA:41,6,0,0
BRDA:41,6,1,4
BRDA:45,7,0,0
BRDA:45,7,1,3
BRDA:84,8,0,1
BRDA:84,8,1,1
BRDA:84,9,0,1
BRDA:84,9,1,1
BRDA:87,10,0,0
BRDA:87,10,1,1
BRDA:102,11,0,1
BRDA:128,12,0,1
BRDA:128,12,1,0
BRDA:132,13,0,1
BRDA:132,13,1,0
BRF:25
BRH:17
end_of_record
TN:
SF:server/routes/users.js
FN:7,(anonymous_0)
FN:48,(anonymous_1)
FN:78,(anonymous_2)
FN:118,(anonymous_3)
FN:228,(anonymous_4)
FNF:5
FNH:5
FNDA:2,(anonymous_0)
FNDA:2,(anonymous_1)
FNDA:3,(anonymous_2)
FNDA:2,(anonymous_3)
FNDA:2,(anonymous_4)
DA:1,4
DA:2,4
DA:3,4
DA:4,4
DA:7,4
DA:8,2
DA:9,2
DA:11,2
DA:16,2
DA:17,1
DA:21,1
DA:31,1
DA:33,1
DA:42,0
DA:43,0
DA:48,4
DA:49,2
DA:50,2
DA:51,2
DA:53,2
DA:58,2
DA:59,1
DA:62,1
DA:64,1
DA:72,0
DA:73,0
DA:78,4
DA:79,3
DA:80,3
DA:81,3
DA:82,3
DA:84,3
DA:85,1
DA:89,2
DA:92,2
DA:97,2
DA:98,1
DA:102,1
DA:107,1
DA:112,0
DA:113,0
DA:118,4
DA:119,2
DA:120,2
DA:121,2
DA:123,2
DA:125,1
DA:129,1
DA:131,1
DA:141,0
DA:143,0
DA:153,0
DA:155,0
DA:168,1
DA:170,1
DA:175,1
DA:186,1
DA:197,1
DA:209,1
DA:215,1
DA:222,0
DA:223,0
DA:228,4
DA:229,2
DA:230,2
DA:231,2
DA:233,2
DA:238,2
DA:239,1
DA:242,1
DA:244,0
DA:245,0
DA:249,4
LF:73
LH:59
BRDA:16,0,0,1
BRDA:16,0,1,1
BRDA:58,1,0,1
BRDA:58,1,1,1
BRDA:84,2,0,1
BRDA:84,2,1,2
BRDA:97,3,0,1
BRDA:97,3,1,1
BRDA:123,4,0,1
BRDA:123,4,1,1
BRDA:129,5,0,1
BRDA:129,5,1,0
BRDA:141,6,0,0
BRDA:141,6,1,0
BRDA:153,7,0,0
BRDA:153,7,1,0
BRDA:238,8,0,1
BRDA:238,8,1,1
BRF:18
BRH:13
end_of_record
